This file contains any messages produced by compilers while
running configure, to aid debugging if configure makes a mistake.

It was created by GNU Awk Bundled Extensions configure 4.2.1, which was
generated by GNU Autoconf 2.69.  Invocation command line was

  $ ./configure --disable-option-checking --prefix=/usr --build=x86_64-linux-gnu --includedir=${prefix}/include --mandir=${prefix}/share/man --infodir=${prefix}/share/info --sysconfdir=/etc --localstatedir=/var --disable-silent-rules --libdir=${prefix}/lib/x86_64-linux-gnu --libexecdir=${prefix}/lib/x86_64-linux-gnu --disable-maintainer-mode --disable-dependency-tracking --disable-rpath build_alias=x86_64-linux-gnu CC=ccache icc CFLAGS=-g -O2 -fdebug-prefix-map=/dev/shm/gawk/gawk-4.2.1+dfsg=. -Wformat -march=native -pipe -fstack-security-check -Wformat-security LDFLAGS=-Wl,-z,relro -Wl,-z,now -Wl,--as-needed,--gc-sections,--relax CPPFLAGS=-Wdate-time -D_FORTIFY_SOURCE=2 CPP=ccache icc -E --cache-file=/dev/null --srcdir=.

## --------- ##
## Platform. ##
## --------- ##

hostname = server
uname -m = x86_64
uname -r = 4.18.0-2-amd64
uname -s = Linux
uname -v = #1 SMP Debian 4.18.10-2 (2018-11-02)

/usr/bin/uname -p = unknown
/bin/uname -X     = unknown

/bin/arch              = unknown
/usr/bin/arch -k       = unknown
/usr/convex/getsysinfo = unknown
/usr/bin/hostinfo      = unknown
/bin/machine           = unknown
/usr/bin/oslevel       = unknown
/bin/universe          = unknown

PATH: /opt/intel/compilers_and_libraries/linux/pkg_bin/intel64
PATH: /opt/intel/parallel_studio_xe_2019/bin
PATH: /usr/sbin
PATH: /usr/bin
PATH: /sbin
PATH: /bin
PATH: /usr/bin/X11


## ----------- ##
## Core tests. ##
## ----------- ##

configure:2405: checking for a BSD-compatible install
configure:2473: result: ./install-sh -c
configure:2484: checking whether build environment is sane
configure:2539: result: yes
configure:2690: checking for a thread-safe mkdir -p
configure:2729: result: /bin/mkdir -p
configure:2736: checking for gawk
configure:2766: result: no
configure:2736: checking for mawk
configure:2752: found /usr/bin/mawk
configure:2763: result: mawk
configure:2774: checking whether make sets $(MAKE)
configure:2796: result: yes
configure:2825: checking whether make supports nested variables
configure:2842: result: yes
configure:2982: checking for style of include used by make
configure:3010: result: GNU
configure:3081: checking for gcc
configure:3108: result: ccache icc
configure:3337: checking for C compiler version
configure:3346: ccache icc --version >&5
icc (ICC) 19.0.1.144 20181018
Copyright (C) 1985-2018 Intel Corporation.  All rights reserved.

configure:3357: $? = 0
configure:3346: ccache icc -v >&5
icc version 19.0.1.144 (gcc version 8.2.0 compatibility)
icc: warning #10013: no objects specified for multi-file optimization
/usr/bin/x86_64-linux-gnu-ld    /usr/lib/x86_64-linux-gnu/crt1.o /usr/lib/x86_64-linux-gnu/crti.o /usr/lib/gcc/x86_64-linux-gnu/8/crtbegin.o --eh-frame-hdr --build-id -dynamic-linker /lib64/ld-linux-x86-64.so.2 -m elf_x86_64 -o a.out -L/opt/intel/tbb/lib/intel64/gcc4.7 -L/opt/intel/compilers_and_libraries_2019.1.144/linux/compiler/lib/intel64_lin -L/opt/intel/compilers_and_libraries_2019.1.144/linux/tbb/lib/intel64_lin/gcc4.7 -L/opt/intel/compilers_and_libraries_2019.1.144/linux/mpi/intel64/libfabric/lib -L/usr/lib/gcc/x86_64-linux-gnu/8 -L/usr/lib/x86_64-linux-gnu -L/usr/lib -L/lib/x86_64-linux-gnu -L/lib64 -L/lib --as-needed --gc-sections --relax -Bdynamic -Bstatic -limf -lsvml -lirng -lmatmul -Bdynamic -lm -Bstatic -lipgo -ldecimal -Bdynamic -liomp5 --as-needed -lcilkrts -lstdc++ --no-as-needed -lgcc -lgcc_s -Bstatic -lirc -Bdynamic -lpthread -Bstatic -lsvml -Bdynamic -lc -lgcc -lgcc_s -Bstatic -lirc_s -Bdynamic -ldl -lc /usr/lib/gcc/x86_64-linux-gnu/8/crtend.o /usr/lib/x86_64-linux-gnu/crtn.o
/usr/bin/x86_64-linux-gnu-ld: /usr/lib/x86_64-linux-gnu/crt1.o: in function `_start':
(.text+0x20): undefined reference to `main'
configure:3357: $? = 1
configure:3346: ccache icc -V >&5
GNU ld (GNU Binutils for Debian) 2.31.1
Intel(R) C Intel(R) 64 Compiler for applications running on Intel(R) 64, Version 19.0.1.144 Build 20181018
Copyright (C) 1985-2018 Intel Corporation.  All rights reserved.

icc: warning #10013: no objects specified for multi-file optimization
/usr/bin/x86_64-linux-gnu-ld: /usr/lib/x86_64-linux-gnu/crt1.o: in function `_start':
(.text+0x20): undefined reference to `main'
configure:3357: $? = 1
configure:3346: ccache icc -qversion >&5
icc: command line warning #10006: ignoring unknown option '-qversion'
icc: warning #10013: no objects specified for multi-file optimization
/usr/bin/x86_64-linux-gnu-ld: /usr/lib/x86_64-linux-gnu/crt1.o: in function `_start':
(.text+0x20): undefined reference to `main'
configure:3357: $? = 1
configure:3377: checking whether the C compiler works
configure:3399: ccache icc -g -O2 -fdebug-prefix-map=/dev/shm/gawk/gawk-4.2.1+dfsg=. -Wformat -march=native -pipe -fstack-security-check -Wformat-security -Wdate-time -D_FORTIFY_SOURCE=2 -Wl,-z,relro -Wl,-z,now -Wl,--as-needed,--gc-sections,--relax conftest.c  >&5
icc: command line warning #10006: ignoring unknown option '-fdebug-prefix-map=/dev/shm/gawk/gawk-4.2.1+dfsg=.'
Front end time                       0.00 (CPU)       0.00 (elapsed)
Back end time                        0.00 (CPU)       0.00 (elapsed)
Total compilation time               0.01 (CPU)       0.00 (elapsed)
configure:3403: $? = 0
configure:3451: result: yes
configure:3454: checking for C compiler default output file name
configure:3456: result: a.out
configure:3462: checking for suffix of executables
configure:3469: ccache icc -o conftest -g -O2 -fdebug-prefix-map=/dev/shm/gawk/gawk-4.2.1+dfsg=. -Wformat -march=native -pipe -fstack-security-check -Wformat-security -Wdate-time -D_FORTIFY_SOURCE=2 -Wl,-z,relro -Wl,-z,now -Wl,--as-needed,--gc-sections,--relax conftest.c  >&5
icc: command line warning #10006: ignoring unknown option '-fdebug-prefix-map=/dev/shm/gawk/gawk-4.2.1+dfsg=.'
Front end time                       0.00 (CPU)       0.00 (elapsed)
Back end time                        0.01 (CPU)       0.00 (elapsed)
Total compilation time               0.01 (CPU)       0.00 (elapsed)
configure:3473: $? = 0
configure:3495: result: 
configure:3517: checking whether we are cross compiling
configure:3525: ccache icc -o conftest -g -O2 -fdebug-prefix-map=/dev/shm/gawk/gawk-4.2.1+dfsg=. -Wformat -march=native -pipe -fstack-security-check -Wformat-security -Wdate-time -D_FORTIFY_SOURCE=2 -Wl,-z,relro -Wl,-z,now -Wl,--as-needed,--gc-sections,--relax conftest.c  >&5
icc: command line warning #10006: ignoring unknown option '-fdebug-prefix-map=/dev/shm/gawk/gawk-4.2.1+dfsg=.'
Front end time                       0.02 (CPU)       0.00 (elapsed)
Back end time                        0.01 (CPU)       0.00 (elapsed)
Total compilation time               0.03 (CPU)       0.00 (elapsed)
configure:3529: $? = 0
configure:3536: ./conftest
configure:3540: $? = 0
configure:3555: result: no
configure:3560: checking for suffix of object files
configure:3582: ccache icc -c -g -O2 -fdebug-prefix-map=/dev/shm/gawk/gawk-4.2.1+dfsg=. -Wformat -march=native -pipe -fstack-security-check -Wformat-security -Wdate-time -D_FORTIFY_SOURCE=2 conftest.c >&5
icc: command line warning #10006: ignoring unknown option '-fdebug-prefix-map=/dev/shm/gawk/gawk-4.2.1+dfsg=.'
Front end time                       0.00 (CPU)       0.00 (elapsed)
Back end time                        0.00 (CPU)       0.00 (elapsed)
Total compilation time               0.01 (CPU)       0.00 (elapsed)
configure:3586: $? = 0
configure:3607: result: o
configure:3611: checking whether we are using the GNU C compiler
configure:3630: ccache icc -c -g -O2 -fdebug-prefix-map=/dev/shm/gawk/gawk-4.2.1+dfsg=. -Wformat -march=native -pipe -fstack-security-check -Wformat-security -Wdate-time -D_FORTIFY_SOURCE=2 conftest.c >&5
icc: command line warning #10006: ignoring unknown option '-fdebug-prefix-map=/dev/shm/gawk/gawk-4.2.1+dfsg=.'
Front end time                       0.00 (CPU)       0.00 (elapsed)
Back end time                        0.01 (CPU)       0.00 (elapsed)
Total compilation time               0.01 (CPU)       0.00 (elapsed)
configure:3630: $? = 0
configure:3639: result: yes
configure:3648: checking whether ccache icc accepts -g
configure:3668: ccache icc -c -g -Wdate-time -D_FORTIFY_SOURCE=2 conftest.c >&5
Front end time                       0.00 (CPU)       0.00 (elapsed)
Back end time                        0.01 (CPU)       0.00 (elapsed)
Total compilation time               0.01 (CPU)       0.00 (elapsed)
configure:3668: $? = 0
configure: failed program was:
| /* confdefs.h */
| #define PACKAGE_NAME "GNU Awk Bundled Extensions"
| #define PACKAGE_TARNAME "gawk-extensions"
| #define PACKAGE_VERSION "4.2.1"
| #define PACKAGE_STRING "GNU Awk Bundled Extensions 4.2.1"
| #define PACKAGE_BUGREPORT "bug-gawk@gnu.org"
| #define PACKAGE_URL "http://www.gnu.org/software/gawk-extensions/"
| #define PACKAGE "gawk-extensions"
| #define VERSION "4.2.1"
| /* end confdefs.h.  */
| 
| int
| main ()
| {
| 
|   ;
|   return 0;
| }
configure:3683: ccache icc -c  -Wdate-time -D_FORTIFY_SOURCE=2 conftest.c >&5
Front end time                       0.00 (CPU)       0.00 (elapsed)
Back end time                        0.01 (CPU)       0.00 (elapsed)
Total compilation time               0.01 (CPU)       0.00 (elapsed)
configure:3683: $? = 0
configure: failed program was:
| /* confdefs.h */
| #define PACKAGE_NAME "GNU Awk Bundled Extensions"
| #define PACKAGE_TARNAME "gawk-extensions"
| #define PACKAGE_VERSION "4.2.1"
| #define PACKAGE_STRING "GNU Awk Bundled Extensions 4.2.1"
| #define PACKAGE_BUGREPORT "bug-gawk@gnu.org"
| #define PACKAGE_URL "http://www.gnu.org/software/gawk-extensions/"
| #define PACKAGE "gawk-extensions"
| #define VERSION "4.2.1"
| /* end confdefs.h.  */
| 
| int
| main ()
| {
| 
|   ;
|   return 0;
| }
configure:3699: ccache icc -c -g -Wdate-time -D_FORTIFY_SOURCE=2 conftest.c >&5
Front end time                       0.00 (CPU)       0.00 (elapsed)
Back end time                        0.01 (CPU)       0.00 (elapsed)
Total compilation time               0.01 (CPU)       0.00 (elapsed)
configure:3699: $? = 0
configure:3709: result: yes
configure:3726: checking for ccache icc option to accept ISO C89
configure:3789: ccache icc  -c -g -O2 -fdebug-prefix-map=/dev/shm/gawk/gawk-4.2.1+dfsg=. -Wformat -march=native -pipe -fstack-security-check -Wformat-security -Wdate-time -D_FORTIFY_SOURCE=2 conftest.c >&5
icc: command line warning #10006: ignoring unknown option '-fdebug-prefix-map=/dev/shm/gawk/gawk-4.2.1+dfsg=.'
Front end time                       0.02 (CPU)       0.00 (elapsed)
Back end time                        0.01 (CPU)       0.00 (elapsed)
Total compilation time               0.03 (CPU)       0.00 (elapsed)
configure:3789: $? = 0
configure:3802: result: none needed
configure:3827: checking whether ccache icc understands -c and -o together
configure:3849: ccache icc -c conftest.c -o conftest2.o
Front end time                       0.00 (CPU)       0.00 (elapsed)
Back end time                        0.01 (CPU)       0.00 (elapsed)
Total compilation time               0.01 (CPU)       0.00 (elapsed)
configure:3852: $? = 0
configure:3849: ccache icc -c conftest.c -o conftest2.o
Front end time                       0.00 (CPU)       0.00 (elapsed)
Back end time                        0.01 (CPU)       0.00 (elapsed)
Total compilation time               0.01 (CPU)       0.00 (elapsed)
configure:3852: $? = 0
configure:3864: result: yes
configure:3883: checking dependency style of ccache icc
configure:3994: result: none
configure:4015: checking how to run the C preprocessor
configure:4085: result: ccache icc -E
configure:4105: ccache icc -E -Wdate-time -D_FORTIFY_SOURCE=2 conftest.c
Front end time                       0.01 (CPU)       0.00 (elapsed)
Total compilation time               0.01 (CPU)       0.00 (elapsed)
configure:4105: $? = 0
configure:4119: ccache icc -E -Wdate-time -D_FORTIFY_SOURCE=2 conftest.c
conftest.c(11): error #2379: cannot open source file "ac_nonexistent.h"
  #include <ac_nonexistent.h>
                             ^

Front end time                       0.00 (CPU)       0.00 (elapsed)
Total compilation time               0.01 (CPU)       0.00 (elapsed)
configure:4119: $? = 2
configure: failed program was:
| /* confdefs.h */
| #define PACKAGE_NAME "GNU Awk Bundled Extensions"
| #define PACKAGE_TARNAME "gawk-extensions"
| #define PACKAGE_VERSION "4.2.1"
| #define PACKAGE_STRING "GNU Awk Bundled Extensions 4.2.1"
| #define PACKAGE_BUGREPORT "bug-gawk@gnu.org"
| #define PACKAGE_URL "http://www.gnu.org/software/gawk-extensions/"
| #define PACKAGE "gawk-extensions"
| #define VERSION "4.2.1"
| /* end confdefs.h.  */
| #include <ac_nonexistent.h>
configure:4148: checking for grep that handles long lines and -e
configure:4206: result: /bin/grep
configure:4211: checking for egrep
configure:4273: result: /bin/grep -E
configure:4278: checking for ANSI C header files
configure:4298: ccache icc -c -g -O2 -fdebug-prefix-map=/dev/shm/gawk/gawk-4.2.1+dfsg=. -Wformat -march=native -pipe -fstack-security-check -Wformat-security -Wdate-time -D_FORTIFY_SOURCE=2 conftest.c >&5
icc: command line warning #10006: ignoring unknown option '-fdebug-prefix-map=/dev/shm/gawk/gawk-4.2.1+dfsg=.'
Front end time                       0.04 (CPU)       0.00 (elapsed)
Back end time                        0.01 (CPU)       0.00 (elapsed)
Total compilation time               0.04 (CPU)       0.00 (elapsed)
configure:4298: $? = 0
Front end time                       0.01 (CPU)       0.00 (elapsed)
Total compilation time               0.01 (CPU)       0.00 (elapsed)
Front end time                       0.02 (CPU)       0.00 (elapsed)
Total compilation time               0.02 (CPU)       0.00 (elapsed)
configure:4371: ccache icc -o conftest -g -O2 -fdebug-prefix-map=/dev/shm/gawk/gawk-4.2.1+dfsg=. -Wformat -march=native -pipe -fstack-security-check -Wformat-security -Wdate-time -D_FORTIFY_SOURCE=2 -Wl,-z,relro -Wl,-z,now -Wl,--as-needed,--gc-sections,--relax conftest.c  >&5
icc: command line warning #10006: ignoring unknown option '-fdebug-prefix-map=/dev/shm/gawk/gawk-4.2.1+dfsg=.'
Front end time                       0.03 (CPU)       0.00 (elapsed)
Back end time                        0.01 (CPU)       0.00 (elapsed)
Total compilation time               0.04 (CPU)       0.00 (elapsed)
configure:4371: $? = 0
configure:4371: ./conftest
configure:4371: $? = 0
configure:4382: result: yes
configure:4395: checking for sys/types.h
configure:4395: ccache icc -c -g -O2 -fdebug-prefix-map=/dev/shm/gawk/gawk-4.2.1+dfsg=. -Wformat -march=native -pipe -fstack-security-check -Wformat-security -Wdate-time -D_FORTIFY_SOURCE=2 conftest.c >&5
icc: command line warning #10006: ignoring unknown option '-fdebug-prefix-map=/dev/shm/gawk/gawk-4.2.1+dfsg=.'
Front end time                       0.04 (CPU)       0.00 (elapsed)
Back end time                        0.01 (CPU)       0.00 (elapsed)
Total compilation time               0.05 (CPU)       0.00 (elapsed)
configure:4395: $? = 0
configure:4395: result: yes
configure:4395: checking for sys/stat.h
configure:4395: ccache icc -c -g -O2 -fdebug-prefix-map=/dev/shm/gawk/gawk-4.2.1+dfsg=. -Wformat -march=native -pipe -fstack-security-check -Wformat-security -Wdate-time -D_FORTIFY_SOURCE=2 conftest.c >&5
icc: command line warning #10006: ignoring unknown option '-fdebug-prefix-map=/dev/shm/gawk/gawk-4.2.1+dfsg=.'
Front end time                       0.04 (CPU)       0.00 (elapsed)
Back end time                        0.01 (CPU)       0.00 (elapsed)
Total compilation time               0.05 (CPU)       0.00 (elapsed)
configure:4395: $? = 0
configure:4395: result: yes
configure:4395: checking for stdlib.h
configure:4395: ccache icc -c -g -O2 -fdebug-prefix-map=/dev/shm/gawk/gawk-4.2.1+dfsg=. -Wformat -march=native -pipe -fstack-security-check -Wformat-security -Wdate-time -D_FORTIFY_SOURCE=2 conftest.c >&5
icc: command line warning #10006: ignoring unknown option '-fdebug-prefix-map=/dev/shm/gawk/gawk-4.2.1+dfsg=.'
Front end time                       0.04 (CPU)       0.00 (elapsed)
Back end time                        0.01 (CPU)       0.00 (elapsed)
Total compilation time               0.05 (CPU)       0.00 (elapsed)
configure:4395: $? = 0
configure:4395: result: yes
configure:4395: checking for string.h
configure:4395: ccache icc -c -g -O2 -fdebug-prefix-map=/dev/shm/gawk/gawk-4.2.1+dfsg=. -Wformat -march=native -pipe -fstack-security-check -Wformat-security -Wdate-time -D_FORTIFY_SOURCE=2 conftest.c >&5
icc: command line warning #10006: ignoring unknown option '-fdebug-prefix-map=/dev/shm/gawk/gawk-4.2.1+dfsg=.'
Front end time                       0.05 (CPU)       0.00 (elapsed)
Back end time                        0.01 (CPU)       0.00 (elapsed)
Total compilation time               0.06 (CPU)       0.00 (elapsed)
configure:4395: $? = 0
configure:4395: result: yes
configure:4395: checking for memory.h
configure:4395: ccache icc -c -g -O2 -fdebug-prefix-map=/dev/shm/gawk/gawk-4.2.1+dfsg=. -Wformat -march=native -pipe -fstack-security-check -Wformat-security -Wdate-time -D_FORTIFY_SOURCE=2 conftest.c >&5
icc: command line warning #10006: ignoring unknown option '-fdebug-prefix-map=/dev/shm/gawk/gawk-4.2.1+dfsg=.'
Front end time                       0.05 (CPU)       0.00 (elapsed)
Back end time                        0.01 (CPU)       0.00 (elapsed)
Total compilation time               0.06 (CPU)       0.00 (elapsed)
configure:4395: $? = 0
configure:4395: result: yes
configure:4395: checking for strings.h
configure:4395: ccache icc -c -g -O2 -fdebug-prefix-map=/dev/shm/gawk/gawk-4.2.1+dfsg=. -Wformat -march=native -pipe -fstack-security-check -Wformat-security -Wdate-time -D_FORTIFY_SOURCE=2 conftest.c >&5
icc: command line warning #10006: ignoring unknown option '-fdebug-prefix-map=/dev/shm/gawk/gawk-4.2.1+dfsg=.'
Front end time                       0.05 (CPU)       0.00 (elapsed)
Back end time                        0.01 (CPU)       0.00 (elapsed)
Total compilation time               0.06 (CPU)       0.00 (elapsed)
configure:4395: $? = 0
configure:4395: result: yes
configure:4395: checking for inttypes.h
configure:4395: ccache icc -c -g -O2 -fdebug-prefix-map=/dev/shm/gawk/gawk-4.2.1+dfsg=. -Wformat -march=native -pipe -fstack-security-check -Wformat-security -Wdate-time -D_FORTIFY_SOURCE=2 conftest.c >&5
icc: command line warning #10006: ignoring unknown option '-fdebug-prefix-map=/dev/shm/gawk/gawk-4.2.1+dfsg=.'
Front end time                       0.05 (CPU)       0.00 (elapsed)
Back end time                        0.01 (CPU)       0.00 (elapsed)
Total compilation time               0.06 (CPU)       0.00 (elapsed)
configure:4395: $? = 0
configure:4395: result: yes
configure:4395: checking for stdint.h
configure:4395: ccache icc -c -g -O2 -fdebug-prefix-map=/dev/shm/gawk/gawk-4.2.1+dfsg=. -Wformat -march=native -pipe -fstack-security-check -Wformat-security -Wdate-time -D_FORTIFY_SOURCE=2 conftest.c >&5
icc: command line warning #10006: ignoring unknown option '-fdebug-prefix-map=/dev/shm/gawk/gawk-4.2.1+dfsg=.'
Front end time                       0.05 (CPU)       0.00 (elapsed)
Back end time                        0.01 (CPU)       0.00 (elapsed)
Total compilation time               0.06 (CPU)       0.00 (elapsed)
configure:4395: $? = 0
configure:4395: result: yes
configure:4395: checking for unistd.h
configure:4395: ccache icc -c -g -O2 -fdebug-prefix-map=/dev/shm/gawk/gawk-4.2.1+dfsg=. -Wformat -march=native -pipe -fstack-security-check -Wformat-security -Wdate-time -D_FORTIFY_SOURCE=2 conftest.c >&5
icc: command line warning #10006: ignoring unknown option '-fdebug-prefix-map=/dev/shm/gawk/gawk-4.2.1+dfsg=.'
Front end time                       0.07 (CPU)       0.00 (elapsed)
Back end time                        0.01 (CPU)       0.00 (elapsed)
Total compilation time               0.08 (CPU)       0.00 (elapsed)
configure:4395: $? = 0
configure:4395: result: yes
configure:4408: checking minix/config.h usability
configure:4408: ccache icc -c -g -O2 -fdebug-prefix-map=/dev/shm/gawk/gawk-4.2.1+dfsg=. -Wformat -march=native -pipe -fstack-security-check -Wformat-security -Wdate-time -D_FORTIFY_SOURCE=2 conftest.c >&5
icc: command line warning #10006: ignoring unknown option '-fdebug-prefix-map=/dev/shm/gawk/gawk-4.2.1+dfsg=.'
conftest.c(54): catastrophic error: cannot open source file "minix/config.h"
  #include <minix/config.h>
                           ^

compilation aborted for conftest.c (code 4)
configure:4408: $? = 4
configure: failed program was:
| /* confdefs.h */
| #define PACKAGE_NAME "GNU Awk Bundled Extensions"
| #define PACKAGE_TARNAME "gawk-extensions"
| #define PACKAGE_VERSION "4.2.1"
| #define PACKAGE_STRING "GNU Awk Bundled Extensions 4.2.1"
| #define PACKAGE_BUGREPORT "bug-gawk@gnu.org"
| #define PACKAGE_URL "http://www.gnu.org/software/gawk-extensions/"
| #define PACKAGE "gawk-extensions"
| #define VERSION "4.2.1"
| #define STDC_HEADERS 1
| #define HAVE_SYS_TYPES_H 1
| #define HAVE_SYS_STAT_H 1
| #define HAVE_STDLIB_H 1
| #define HAVE_STRING_H 1
| #define HAVE_MEMORY_H 1
| #define HAVE_STRINGS_H 1
| #define HAVE_INTTYPES_H 1
| #define HAVE_STDINT_H 1
| #define HAVE_UNISTD_H 1
| /* end confdefs.h.  */
| #include <stdio.h>
| #ifdef HAVE_SYS_TYPES_H
| # include <sys/types.h>
| #endif
| #ifdef HAVE_SYS_STAT_H
| # include <sys/stat.h>
| #endif
| #ifdef STDC_HEADERS
| # include <stdlib.h>
| # include <stddef.h>
| #else
| # ifdef HAVE_STDLIB_H
| #  include <stdlib.h>
| # endif
| #endif
| #ifdef HAVE_STRING_H
| # if !defined STDC_HEADERS && defined HAVE_MEMORY_H
| #  include <memory.h>
| # endif
| # include <string.h>
| #endif
| #ifdef HAVE_STRINGS_H
| # include <strings.h>
| #endif
| #ifdef HAVE_INTTYPES_H
| # include <inttypes.h>
| #endif
| #ifdef HAVE_STDINT_H
| # include <stdint.h>
| #endif
| #ifdef HAVE_UNISTD_H
| # include <unistd.h>
| #endif
| #include <minix/config.h>
configure:4408: result: no
configure:4408: checking minix/config.h presence
configure:4408: ccache icc -E -Wdate-time -D_FORTIFY_SOURCE=2 conftest.c
conftest.c(21): error #2379: cannot open source file "minix/config.h"
  #include <minix/config.h>
                           ^

Front end time                       0.00 (CPU)       0.00 (elapsed)
Total compilation time               0.01 (CPU)       0.00 (elapsed)
configure:4408: $? = 2
configure: failed program was:
| /* confdefs.h */
| #define PACKAGE_NAME "GNU Awk Bundled Extensions"
| #define PACKAGE_TARNAME "gawk-extensions"
| #define PACKAGE_VERSION "4.2.1"
| #define PACKAGE_STRING "GNU Awk Bundled Extensions 4.2.1"
| #define PACKAGE_BUGREPORT "bug-gawk@gnu.org"
| #define PACKAGE_URL "http://www.gnu.org/software/gawk-extensions/"
| #define PACKAGE "gawk-extensions"
| #define VERSION "4.2.1"
| #define STDC_HEADERS 1
| #define HAVE_SYS_TYPES_H 1
| #define HAVE_SYS_STAT_H 1
| #define HAVE_STDLIB_H 1
| #define HAVE_STRING_H 1
| #define HAVE_MEMORY_H 1
| #define HAVE_STRINGS_H 1
| #define HAVE_INTTYPES_H 1
| #define HAVE_STDINT_H 1
| #define HAVE_UNISTD_H 1
| /* end confdefs.h.  */
| #include <minix/config.h>
configure:4408: result: no
configure:4408: checking for minix/config.h
configure:4408: result: no
configure:4429: checking whether it is safe to define __EXTENSIONS__
configure:4447: ccache icc -c -g -O2 -fdebug-prefix-map=/dev/shm/gawk/gawk-4.2.1+dfsg=. -Wformat -march=native -pipe -fstack-security-check -Wformat-security -Wdate-time -D_FORTIFY_SOURCE=2 conftest.c >&5
icc: command line warning #10006: ignoring unknown option '-fdebug-prefix-map=/dev/shm/gawk/gawk-4.2.1+dfsg=.'
Front end time                       0.07 (CPU)       0.00 (elapsed)
Back end time                        0.01 (CPU)       0.00 (elapsed)
Total compilation time               0.08 (CPU)       0.00 (elapsed)
configure:4447: $? = 0
configure:4454: result: yes
configure:4469: checking for z/OS USS compilation
configure:4483: result: no
configure:4583: checking for a sed that does not truncate output
configure:4647: result: /bin/sed
configure:4653: checking whether NLS is requested
configure:4662: result: yes
configure:4703: checking for msgfmt
configure: trying /usr/bin/msgfmt...
0 translated messages.
configure:4735: result: /usr/bin/msgfmt
configure:4744: checking for gmsgfmt
configure:4775: result: /usr/bin/msgfmt
configure:4826: checking for xgettext
configure: trying /usr/bin/xgettext...
/usr/bin/xgettext: warning: file '/dev/null' extension '' is unknown; will try C
configure:4858: result: /usr/bin/xgettext
configure:4904: checking for msgmerge
configure: trying /usr/bin/msgmerge...
configure:4935: result: /usr/bin/msgmerge
configure:4972: checking build system type
configure:4986: result: x86_64-pc-linux-gnu
configure:5006: checking host system type
configure:5019: result: x86_64-pc-linux-gnu
configure:5063: checking for ld used by GCC
configure:5127: result: xild
configure:5134: checking if the linker (xild) is GNU ld
configure:5147: result: yes
configure:5154: checking for shared library run path origin
configure:5167: result: done
configure:5739: checking for CFPreferencesCopyAppValue
configure:5757: ccache icc -o conftest -g -O2 -fdebug-prefix-map=/dev/shm/gawk/gawk-4.2.1+dfsg=. -Wformat -march=native -pipe -fstack-security-check -Wformat-security -Wdate-time -D_FORTIFY_SOURCE=2 -Wl,-z,relro -Wl,-z,now -Wl,--as-needed,--gc-sections,--relax conftest.c  -Wl,-framework -Wl,CoreFoundation >&5
icc: command line warning #10006: ignoring unknown option '-fdebug-prefix-map=/dev/shm/gawk/gawk-4.2.1+dfsg=.'
conftest.c(26): catastrophic error: cannot open source file "CoreFoundation/CFPreferences.h"
  #include <CoreFoundation/CFPreferences.h>
                                           ^

compilation aborted for conftest.c (code 4)
configure:5757: $? = 4
configure: failed program was:
| /* confdefs.h */
| #define PACKAGE_NAME "GNU Awk Bundled Extensions"
| #define PACKAGE_TARNAME "gawk-extensions"
| #define PACKAGE_VERSION "4.2.1"
| #define PACKAGE_STRING "GNU Awk Bundled Extensions 4.2.1"
| #define PACKAGE_BUGREPORT "bug-gawk@gnu.org"
| #define PACKAGE_URL "http://www.gnu.org/software/gawk-extensions/"
| #define PACKAGE "gawk-extensions"
| #define VERSION "4.2.1"
| #define STDC_HEADERS 1
| #define HAVE_SYS_TYPES_H 1
| #define HAVE_SYS_STAT_H 1
| #define HAVE_STDLIB_H 1
| #define HAVE_STRING_H 1
| #define HAVE_MEMORY_H 1
| #define HAVE_STRINGS_H 1
| #define HAVE_INTTYPES_H 1
| #define HAVE_STDINT_H 1
| #define HAVE_UNISTD_H 1
| #define __EXTENSIONS__ 1
| #define _ALL_SOURCE 1
| #define _GNU_SOURCE 1
| #define _POSIX_PTHREAD_SEMANTICS 1
| #define _TANDEM_SOURCE 1
| /* end confdefs.h.  */
| #include <CoreFoundation/CFPreferences.h>
| int
| main ()
| {
| CFPreferencesCopyAppValue(NULL, NULL)
|   ;
|   return 0;
| }
configure:5766: result: no
configure:5773: checking for CFLocaleCopyCurrent
configure:5791: ccache icc -o conftest -g -O2 -fdebug-prefix-map=/dev/shm/gawk/gawk-4.2.1+dfsg=. -Wformat -march=native -pipe -fstack-security-check -Wformat-security -Wdate-time -D_FORTIFY_SOURCE=2 -Wl,-z,relro -Wl,-z,now -Wl,--as-needed,--gc-sections,--relax conftest.c  -Wl,-framework -Wl,CoreFoundation >&5
icc: command line warning #10006: ignoring unknown option '-fdebug-prefix-map=/dev/shm/gawk/gawk-4.2.1+dfsg=.'
conftest.c(26): catastrophic error: cannot open source file "CoreFoundation/CFLocale.h"
  #include <CoreFoundation/CFLocale.h>
                                      ^

compilation aborted for conftest.c (code 4)
configure:5791: $? = 4
configure: failed program was:
| /* confdefs.h */
| #define PACKAGE_NAME "GNU Awk Bundled Extensions"
| #define PACKAGE_TARNAME "gawk-extensions"
| #define PACKAGE_VERSION "4.2.1"
| #define PACKAGE_STRING "GNU Awk Bundled Extensions 4.2.1"
| #define PACKAGE_BUGREPORT "bug-gawk@gnu.org"
| #define PACKAGE_URL "http://www.gnu.org/software/gawk-extensions/"
| #define PACKAGE "gawk-extensions"
| #define VERSION "4.2.1"
| #define STDC_HEADERS 1
| #define HAVE_SYS_TYPES_H 1
| #define HAVE_SYS_STAT_H 1
| #define HAVE_STDLIB_H 1
| #define HAVE_STRING_H 1
| #define HAVE_MEMORY_H 1
| #define HAVE_STRINGS_H 1
| #define HAVE_INTTYPES_H 1
| #define HAVE_STDINT_H 1
| #define HAVE_UNISTD_H 1
| #define __EXTENSIONS__ 1
| #define _ALL_SOURCE 1
| #define _GNU_SOURCE 1
| #define _POSIX_PTHREAD_SEMANTICS 1
| #define _TANDEM_SOURCE 1
| /* end confdefs.h.  */
| #include <CoreFoundation/CFLocale.h>
| int
| main ()
| {
| CFLocaleCopyCurrent();
|   ;
|   return 0;
| }
configure:5800: result: no
configure:5849: checking for GNU gettext in libc
configure:5873: ccache icc -o conftest -g -O2 -fdebug-prefix-map=/dev/shm/gawk/gawk-4.2.1+dfsg=. -Wformat -march=native -pipe -fstack-security-check -Wformat-security -Wdate-time -D_FORTIFY_SOURCE=2 -Wl,-z,relro -Wl,-z,now -Wl,--as-needed,--gc-sections,--relax conftest.c  >&5
icc: command line warning #10006: ignoring unknown option '-fdebug-prefix-map=/dev/shm/gawk/gawk-4.2.1+dfsg=.'
Front end time                       0.01 (CPU)       0.00 (elapsed)
Back end time                        0.01 (CPU)       0.00 (elapsed)
Total compilation time               0.02 (CPU)       0.00 (elapsed)
configure:5873: $? = 0
configure:5882: result: yes
configure:6719: checking whether to use NLS
configure:6721: result: yes
configure:6724: checking where the gettext function comes from
configure:6735: result: libc
configure:6794: checking for nl_langinfo and CODESET
configure:6810: ccache icc -o conftest -g -O2 -fdebug-prefix-map=/dev/shm/gawk/gawk-4.2.1+dfsg=. -Wformat -march=native -pipe -fstack-security-check -Wformat-security -Wdate-time -D_FORTIFY_SOURCE=2 -Wl,-z,relro -Wl,-z,now -Wl,--as-needed,--gc-sections,--relax conftest.c  >&5
icc: command line warning #10006: ignoring unknown option '-fdebug-prefix-map=/dev/shm/gawk/gawk-4.2.1+dfsg=.'
Front end time                       0.01 (CPU)       0.00 (elapsed)
Back end time                        0.01 (CPU)       0.00 (elapsed)
Total compilation time               0.02 (CPU)       0.00 (elapsed)
configure:6810: $? = 0
configure:6819: result: yes
configure:6828: checking for LC_MESSAGES
configure:6844: ccache icc -o conftest -g -O2 -fdebug-prefix-map=/dev/shm/gawk/gawk-4.2.1+dfsg=. -Wformat -march=native -pipe -fstack-security-check -Wformat-security -Wdate-time -D_FORTIFY_SOURCE=2 -Wl,-z,relro -Wl,-z,now -Wl,--as-needed,--gc-sections,--relax conftest.c  >&5
icc: command line warning #10006: ignoring unknown option '-fdebug-prefix-map=/dev/shm/gawk/gawk-4.2.1+dfsg=.'
Front end time                       0.01 (CPU)       0.00 (elapsed)
Back end time                        0.01 (CPU)       0.00 (elapsed)
Total compilation time               0.01 (CPU)       0.00 (elapsed)
configure:6844: $? = 0
configure:6852: result: yes
configure:6861: checking for struct stat.st_blksize
configure:6861: ccache icc -c -g -O2 -fdebug-prefix-map=/dev/shm/gawk/gawk-4.2.1+dfsg=. -Wformat -march=native -pipe -fstack-security-check -Wformat-security -Wdate-time -D_FORTIFY_SOURCE=2 conftest.c >&5
icc: command line warning #10006: ignoring unknown option '-fdebug-prefix-map=/dev/shm/gawk/gawk-4.2.1+dfsg=.'
Front end time                       0.08 (CPU)       0.00 (elapsed)
Back end time                        0.01 (CPU)       0.00 (elapsed)
Total compilation time               0.09 (CPU)       0.00 (elapsed)
configure:6861: $? = 0
configure:6861: result: yes
configure:6974: checking the archiver (xiar) interface
configure:6990: ccache icc -c -g -O2 -fdebug-prefix-map=/dev/shm/gawk/gawk-4.2.1+dfsg=. -Wformat -march=native -pipe -fstack-security-check -Wformat-security -Wdate-time -D_FORTIFY_SOURCE=2 conftest.c >&5
icc: command line warning #10006: ignoring unknown option '-fdebug-prefix-map=/dev/shm/gawk/gawk-4.2.1+dfsg=.'
Front end time                       0.00 (CPU)       0.00 (elapsed)
Back end time                        0.00 (CPU)       0.00 (elapsed)
Total compilation time               0.01 (CPU)       0.00 (elapsed)
configure:6990: $? = 0
configure:6992: xiar cru libconftest.a conftest.o >&5
xiar: executing 'ar'
ar: `u' modifier ignored since `D' is the default (see `U')
configure:6995: $? = 0
configure:7023: result: ar
configure:7050: checking for special C compiler options needed for large files
configure:7095: result: no
configure:7101: checking for _FILE_OFFSET_BITS value needed for large files
configure:7126: ccache icc -c -g -O2 -fdebug-prefix-map=/dev/shm/gawk/gawk-4.2.1+dfsg=. -Wformat -march=native -pipe -fstack-security-check -Wformat-security -Wdate-time -D_FORTIFY_SOURCE=2 conftest.c >&5
icc: command line warning #10006: ignoring unknown option '-fdebug-prefix-map=/dev/shm/gawk/gawk-4.2.1+dfsg=.'
Front end time                       0.02 (CPU)       0.00 (elapsed)
Back end time                        0.01 (CPU)       0.00 (elapsed)
Total compilation time               0.02 (CPU)       0.00 (elapsed)
configure:7126: $? = 0
configure:7158: result: no
configure:7320: checking how to print strings
configure:7347: result: printf
configure:7368: checking for a sed that does not truncate output
configure:7432: result: /bin/sed
configure:7450: checking for fgrep
configure:7512: result: /bin/grep -F
configure:7547: checking for ld used by ccache icc
configure:7614: result: xild
configure:7621: checking if the linker (xild) is GNU ld
configure:7636: result: yes
configure:7648: checking for BSD- or MS-compatible name lister (nm)
configure:7702: result: /usr/bin/nm -B
configure:7832: checking the name lister (/usr/bin/nm -B) interface
configure:7839: ccache icc -c -g -O2 -fdebug-prefix-map=/dev/shm/gawk/gawk-4.2.1+dfsg=. -Wformat -march=native -pipe -fstack-security-check -Wformat-security -Wdate-time -D_FORTIFY_SOURCE=2 conftest.c >&5
icc: command line warning #10006: ignoring unknown option '-fdebug-prefix-map=/dev/shm/gawk/gawk-4.2.1+dfsg=.'
Front end time                       0.00 (CPU)       0.00 (elapsed)
Back end time                        0.00 (CPU)       0.00 (elapsed)
Total compilation time               0.01 (CPU)       0.00 (elapsed)
configure:7842: /usr/bin/nm -B "conftest.o"
configure:7845: output
                 U __must_be_linked_with_icc_or_xild
0000000000000000 D some_variable
configure:7852: result: BSD nm
configure:7855: checking whether ln -s works
configure:7859: result: yes
configure:7867: checking the maximum length of command line arguments
configure:7998: result: 1572864
configure:8046: checking how to convert x86_64-pc-linux-gnu file names to x86_64-pc-linux-gnu format
configure:8086: result: func_convert_file_noop
configure:8093: checking how to convert x86_64-pc-linux-gnu file names to toolchain format
configure:8113: result: func_convert_file_noop
configure:8120: checking for xild option to reload object files
configure:8127: result: -r
configure:8201: checking for objdump
configure:8217: found /usr/bin/objdump
configure:8228: result: objdump
configure:8260: checking how to recognize dependent libraries
configure:8460: result: pass_all
configure:8545: checking for dlltool
configure:8575: result: no
configure:8605: checking how to associate runtime and link libraries
configure:8632: result: printf %s\n
configure:8756: checking for archiver @FILE support
configure:8773: ccache icc -c -g -O2 -fdebug-prefix-map=/dev/shm/gawk/gawk-4.2.1+dfsg=. -Wformat -march=native -pipe -fstack-security-check -Wformat-security -Wdate-time -D_FORTIFY_SOURCE=2 conftest.c >&5
icc: command line warning #10006: ignoring unknown option '-fdebug-prefix-map=/dev/shm/gawk/gawk-4.2.1+dfsg=.'
Front end time                       0.00 (CPU)       0.00 (elapsed)
Back end time                        0.00 (CPU)       0.00 (elapsed)
Total compilation time               0.01 (CPU)       0.00 (elapsed)
configure:8773: $? = 0
configure:8776: xiar cru libconftest.a @conftest.lst >&5
xiar: executing 'ar'
ar: `u' modifier ignored since `D' is the default (see `U')
configure:8779: $? = 0
configure:8784: xiar cru libconftest.a @conftest.lst >&5
xiar: executing 'ar'
ar: `u' modifier ignored since `D' is the default (see `U')
ar: conftest.o: No such file or directory
configure:8787: $? = 1
configure:8799: result: @
configure:8857: checking for strip
configure:8873: found /usr/bin/strip
configure:8884: result: strip
configure:8956: checking for ranlib
configure:8972: found /usr/bin/ranlib
configure:8983: result: ranlib
configure:9085: checking command to parse /usr/bin/nm -B output from ccache icc object
configure:9238: ccache icc -c -g -O2 -fdebug-prefix-map=/dev/shm/gawk/gawk-4.2.1+dfsg=. -Wformat -march=native -pipe -fstack-security-check -Wformat-security -Wdate-time -D_FORTIFY_SOURCE=2 conftest.c >&5
icc: command line warning #10006: ignoring unknown option '-fdebug-prefix-map=/dev/shm/gawk/gawk-4.2.1+dfsg=.'
Front end time                       0.00 (CPU)       0.00 (elapsed)
Back end time                        0.01 (CPU)       0.00 (elapsed)
Total compilation time               0.01 (CPU)       0.00 (elapsed)
configure:9241: $? = 0
configure:9245: /usr/bin/nm -B conftest.o \| sed -n -e 's/^.*[ ]\([ABCDGIRSTW][ABCDGIRSTW]*\)[ ][ ]*\([_A-Za-z][_A-Za-z0-9]*\)$/\1 \2 \2/p' | sed '/ __gnu_lto/d' \> conftest.nm
configure:9248: $? = 0
configure:9314: ccache icc -o conftest -g -O2 -fdebug-prefix-map=/dev/shm/gawk/gawk-4.2.1+dfsg=. -Wformat -march=native -pipe -fstack-security-check -Wformat-security -Wdate-time -D_FORTIFY_SOURCE=2 -Wl,-z,relro -Wl,-z,now -Wl,--as-needed,--gc-sections,--relax conftest.c conftstm.o >&5
icc: command line warning #10006: ignoring unknown option '-fdebug-prefix-map=/dev/shm/gawk/gawk-4.2.1+dfsg=.'
Front end time                       0.01 (CPU)       0.00 (elapsed)
Back end time                        0.00 (CPU)       0.00 (elapsed)
Total compilation time               0.01 (CPU)       0.00 (elapsed)
configure:9317: $? = 0
configure:9355: result: ok
configure:9402: checking for sysroot
configure:9432: result: no
configure:9439: checking for a working dd
configure:9477: result: /bin/dd
configure:9481: checking how to truncate binary pipes
configure:9496: result: /bin/dd bs=4096 count=1
configure:9632: ccache icc -c -g -O2 -fdebug-prefix-map=/dev/shm/gawk/gawk-4.2.1+dfsg=. -Wformat -march=native -pipe -fstack-security-check -Wformat-security -Wdate-time -D_FORTIFY_SOURCE=2 conftest.c >&5
icc: command line warning #10006: ignoring unknown option '-fdebug-prefix-map=/dev/shm/gawk/gawk-4.2.1+dfsg=.'
Front end time                       0.00 (CPU)       0.00 (elapsed)
Back end time                        0.00 (CPU)       0.00 (elapsed)
Total compilation time               0.01 (CPU)       0.00 (elapsed)
configure:9635: $? = 0
configure:9825: checking for mt
configure:9841: found /bin/mt
configure:9852: result: mt
configure:9875: checking if mt is a manifest tool
configure:9881: mt '-?'
configure:9889: result: no
configure:10563: checking for dlfcn.h
configure:10563: ccache icc -c -g -O2 -fdebug-prefix-map=/dev/shm/gawk/gawk-4.2.1+dfsg=. -Wformat -march=native -pipe -fstack-security-check -Wformat-security -Wdate-time -D_FORTIFY_SOURCE=2 conftest.c >&5
icc: command line warning #10006: ignoring unknown option '-fdebug-prefix-map=/dev/shm/gawk/gawk-4.2.1+dfsg=.'
Front end time                       0.08 (CPU)       0.00 (elapsed)
Back end time                        0.01 (CPU)       0.00 (elapsed)
Total compilation time               0.09 (CPU)       0.00 (elapsed)
configure:10563: $? = 0
configure:10563: result: yes
configure:10789: checking for objdir
configure:10804: result: .libs
configure:11068: checking if ccache icc supports -fno-rtti -fno-exceptions
configure:11086: ccache icc -c -g -O2 -fdebug-prefix-map=/dev/shm/gawk/gawk-4.2.1+dfsg=. -Wformat -march=native -pipe -fstack-security-check -Wformat-security -Wdate-time -D_FORTIFY_SOURCE=2 -fno-rtti -fno-exceptions conftest.c >&5
icc: command line warning #10006: ignoring unknown option '-fdebug-prefix-map=/dev/shm/gawk/gawk-4.2.1+dfsg=.'
Front end time                       0.00 (CPU)       0.00 (elapsed)
Back end time                        0.00 (CPU)       0.00 (elapsed)
Total compilation time               0.01 (CPU)       0.00 (elapsed)
configure:11090: $? = 0
configure:11103: result: yes
configure:11461: checking for ccache icc option to produce PIC
configure:11468: result: -fPIC -DPIC
configure:11476: checking if ccache icc PIC flag -fPIC -DPIC works
configure:11494: ccache icc -c -g -O2 -fdebug-prefix-map=/dev/shm/gawk/gawk-4.2.1+dfsg=. -Wformat -march=native -pipe -fstack-security-check -Wformat-security -Wdate-time -D_FORTIFY_SOURCE=2 -fPIC -DPIC -DPIC conftest.c >&5
icc: command line warning #10006: ignoring unknown option '-fdebug-prefix-map=/dev/shm/gawk/gawk-4.2.1+dfsg=.'
Front end time                       0.00 (CPU)       0.00 (elapsed)
Back end time                        0.00 (CPU)       0.00 (elapsed)
Total compilation time               0.01 (CPU)       0.00 (elapsed)
configure:11498: $? = 0
configure:11511: result: yes
configure:11540: checking if ccache icc static flag -static works
icc: command line warning #10006: ignoring unknown option '-fdebug-prefix-map=/dev/shm/gawk/gawk-4.2.1+dfsg=.'
Front end time                       0.00 (CPU)       0.00 (elapsed)
Back end time                        0.01 (CPU)       0.00 (elapsed)
Total compilation time               0.01 (CPU)       0.00 (elapsed)
/usr/bin/x86_64-linux-gnu-ld: /opt/intel/compilers_and_libraries_2019.1.144/linux/compiler/lib/intel64_lin/libiomp5.a(ompt-general.o): in function `ompt_pre_init':
(.text+0x2450): warning: Using 'dlopen' in statically linked applications requires at runtime the shared libraries from the glibc version used for linking
configure:11568: result: no
configure:11583: checking if ccache icc supports -c -o file.o
configure:11604: ccache icc -c -g -O2 -fdebug-prefix-map=/dev/shm/gawk/gawk-4.2.1+dfsg=. -Wformat -march=native -pipe -fstack-security-check -Wformat-security -Wdate-time -D_FORTIFY_SOURCE=2 -o out/conftest2.o conftest.c >&5
icc: command line warning #10006: ignoring unknown option '-fdebug-prefix-map=/dev/shm/gawk/gawk-4.2.1+dfsg=.'
Front end time                       0.00 (CPU)       0.00 (elapsed)
Back end time                        0.00 (CPU)       0.00 (elapsed)
Total compilation time               0.01 (CPU)       0.00 (elapsed)
configure:11608: $? = 0
configure:11630: result: yes
configure:11638: checking if ccache icc supports -c -o file.o
configure:11685: result: yes
configure:11718: checking whether the ccache icc linker (xild -m elf_x86_64) supports shared libraries
configure:12977: result: yes
configure:13014: checking whether -lc should be explicitly linked in
configure:13022: ccache icc -c -g -O2 -fdebug-prefix-map=/dev/shm/gawk/gawk-4.2.1+dfsg=. -Wformat -march=native -pipe -fstack-security-check -Wformat-security -Wdate-time -D_FORTIFY_SOURCE=2 conftest.c >&5
icc: command line warning #10006: ignoring unknown option '-fdebug-prefix-map=/dev/shm/gawk/gawk-4.2.1+dfsg=.'
Front end time                       0.00 (CPU)       0.00 (elapsed)
Back end time                        0.00 (CPU)       0.00 (elapsed)
Total compilation time               0.01 (CPU)       0.00 (elapsed)
configure:13025: $? = 0
configure:13040: ccache icc -shared  -fPIC -DPIC conftest.o  -v -Wl,-soname -Wl,conftest -o conftest 2\>\&1 \| /bin/grep  -lc  \>/dev/null 2\>\&1
configure:13043: $? = 0
configure:13057: result: no
configure:13217: checking dynamic linker characteristics
configure:13798: ccache icc -o conftest -g -O2 -fdebug-prefix-map=/dev/shm/gawk/gawk-4.2.1+dfsg=. -Wformat -march=native -pipe -fstack-security-check -Wformat-security -Wdate-time -D_FORTIFY_SOURCE=2 -Wl,-z,relro -Wl,-z,now -Wl,--as-needed,--gc-sections,--relax -Wl,-rpath -Wl,/foo conftest.c  >&5
icc: command line warning #10006: ignoring unknown option '-fdebug-prefix-map=/dev/shm/gawk/gawk-4.2.1+dfsg=.'
Front end time                       0.00 (CPU)       0.00 (elapsed)
Back end time                        0.01 (CPU)       0.00 (elapsed)
Total compilation time               0.01 (CPU)       0.00 (elapsed)
configure:13798: $? = 0
configure:14035: result: GNU/Linux ld.so
configure:14157: checking how to hardcode library paths into programs
configure:14182: result: immediate
configure:14730: checking whether stripping libraries is possible
configure:14735: result: yes
configure:14770: checking if libtool supports shared libraries
configure:14772: result: yes
configure:14775: checking whether to build shared libraries
configure:14800: result: yes
configure:14803: checking whether to build static libraries
configure:14807: result: no
configure:14853: checking for special development options
configure:14864: result: no
configure:14872: checking fnmatch.h usability
configure:14872: ccache icc -c -g -O2 -fdebug-prefix-map=/dev/shm/gawk/gawk-4.2.1+dfsg=. -Wformat -march=native -pipe -fstack-security-check -Wformat-security -Wall -Wdate-time -D_FORTIFY_SOURCE=2 conftest.c >&5
icc: command line warning #10006: ignoring unknown option '-fdebug-prefix-map=/dev/shm/gawk/gawk-4.2.1+dfsg=.'
Front end time                       0.08 (CPU)       0.00 (elapsed)
Back end time                        0.01 (CPU)       0.00 (elapsed)
Total compilation time               0.09 (CPU)       0.00 (elapsed)
configure:14872: $? = 0
configure:14872: result: yes
configure:14872: checking fnmatch.h presence
configure:14872: ccache icc -E -Wdate-time -D_FORTIFY_SOURCE=2 conftest.c
Front end time                       0.00 (CPU)       0.00 (elapsed)
Total compilation time               0.01 (CPU)       0.00 (elapsed)
configure:14872: $? = 0
configure:14872: result: yes
configure:14872: checking for fnmatch.h
configure:14872: result: yes
configure:14872: checking limits.h usability
configure:14872: ccache icc -c -g -O2 -fdebug-prefix-map=/dev/shm/gawk/gawk-4.2.1+dfsg=. -Wformat -march=native -pipe -fstack-security-check -Wformat-security -Wall -Wdate-time -D_FORTIFY_SOURCE=2 conftest.c >&5
icc: command line warning #10006: ignoring unknown option '-fdebug-prefix-map=/dev/shm/gawk/gawk-4.2.1+dfsg=.'
Front end time                       0.08 (CPU)       0.00 (elapsed)
Back end time                        0.01 (CPU)       0.00 (elapsed)
Total compilation time               0.09 (CPU)       0.00 (elapsed)
configure:14872: $? = 0
configure:14872: result: yes
configure:14872: checking limits.h presence
configure:14872: ccache icc -E -Wdate-time -D_FORTIFY_SOURCE=2 conftest.c
Front end time                       0.01 (CPU)       0.00 (elapsed)
Total compilation time               0.01 (CPU)       0.00 (elapsed)
configure:14872: $? = 0
configure:14872: result: yes
configure:14872: checking for limits.h
configure:14872: result: yes
configure:14872: checking sys/mkdev.h usability
configure:14872: ccache icc -c -g -O2 -fdebug-prefix-map=/dev/shm/gawk/gawk-4.2.1+dfsg=. -Wformat -march=native -pipe -fstack-security-check -Wformat-security -Wall -Wdate-time -D_FORTIFY_SOURCE=2 conftest.c >&5
icc: command line warning #10006: ignoring unknown option '-fdebug-prefix-map=/dev/shm/gawk/gawk-4.2.1+dfsg=.'
conftest.c(69): catastrophic error: cannot open source file "sys/mkdev.h"
  #include <sys/mkdev.h>
                        ^

compilation aborted for conftest.c (code 4)
configure:14872: $? = 4
configure: failed program was:
| /* confdefs.h */
| #define PACKAGE_NAME "GNU Awk Bundled Extensions"
| #define PACKAGE_TARNAME "gawk-extensions"
| #define PACKAGE_VERSION "4.2.1"
| #define PACKAGE_STRING "GNU Awk Bundled Extensions 4.2.1"
| #define PACKAGE_BUGREPORT "bug-gawk@gnu.org"
| #define PACKAGE_URL "http://www.gnu.org/software/gawk-extensions/"
| #define PACKAGE "gawk-extensions"
| #define VERSION "4.2.1"
| #define STDC_HEADERS 1
| #define HAVE_SYS_TYPES_H 1
| #define HAVE_SYS_STAT_H 1
| #define HAVE_STDLIB_H 1
| #define HAVE_STRING_H 1
| #define HAVE_MEMORY_H 1
| #define HAVE_STRINGS_H 1
| #define HAVE_INTTYPES_H 1
| #define HAVE_STDINT_H 1
| #define HAVE_UNISTD_H 1
| #define __EXTENSIONS__ 1
| #define _ALL_SOURCE 1
| #define _GNU_SOURCE 1
| #define _POSIX_PTHREAD_SEMANTICS 1
| #define _TANDEM_SOURCE 1
| #define ENABLE_NLS 1
| #define HAVE_GETTEXT 1
| #define HAVE_DCGETTEXT 1
| #define HAVE_LANGINFO_CODESET 1
| #define HAVE_LC_MESSAGES 1
| #define HAVE_STRUCT_STAT_ST_BLKSIZE 1
| #define HAVE_DLFCN_H 1
| #define LT_OBJDIR ".libs/"
| #define HAVE_FNMATCH_H 1
| #define HAVE_LIMITS_H 1
| /* end confdefs.h.  */
| #include <stdio.h>
| #ifdef HAVE_SYS_TYPES_H
| # include <sys/types.h>
| #endif
| #ifdef HAVE_SYS_STAT_H
| # include <sys/stat.h>
| #endif
| #ifdef STDC_HEADERS
| # include <stdlib.h>
| # include <stddef.h>
| #else
| # ifdef HAVE_STDLIB_H
| #  include <stdlib.h>
| # endif
| #endif
| #ifdef HAVE_STRING_H
| # if !defined STDC_HEADERS && defined HAVE_MEMORY_H
| #  include <memory.h>
| # endif
| # include <string.h>
| #endif
| #ifdef HAVE_STRINGS_H
| # include <strings.h>
| #endif
| #ifdef HAVE_INTTYPES_H
| # include <inttypes.h>
| #endif
| #ifdef HAVE_STDINT_H
| # include <stdint.h>
| #endif
| #ifdef HAVE_UNISTD_H
| # include <unistd.h>
| #endif
| #include <sys/mkdev.h>
configure:14872: result: no
configure:14872: checking sys/mkdev.h presence
configure:14872: ccache icc -E -Wdate-time -D_FORTIFY_SOURCE=2 conftest.c
conftest.c(36): error #2379: cannot open source file "sys/mkdev.h"
  #include <sys/mkdev.h>
                        ^

Front end time                       0.00 (CPU)       0.00 (elapsed)
Total compilation time               0.01 (CPU)       0.00 (elapsed)
configure:14872: $? = 2
configure: failed program was:
| /* confdefs.h */
| #define PACKAGE_NAME "GNU Awk Bundled Extensions"
| #define PACKAGE_TARNAME "gawk-extensions"
| #define PACKAGE_VERSION "4.2.1"
| #define PACKAGE_STRING "GNU Awk Bundled Extensions 4.2.1"
| #define PACKAGE_BUGREPORT "bug-gawk@gnu.org"
| #define PACKAGE_URL "http://www.gnu.org/software/gawk-extensions/"
| #define PACKAGE "gawk-extensions"
| #define VERSION "4.2.1"
| #define STDC_HEADERS 1
| #define HAVE_SYS_TYPES_H 1
| #define HAVE_SYS_STAT_H 1
| #define HAVE_STDLIB_H 1
| #define HAVE_STRING_H 1
| #define HAVE_MEMORY_H 1
| #define HAVE_STRINGS_H 1
| #define HAVE_INTTYPES_H 1
| #define HAVE_STDINT_H 1
| #define HAVE_UNISTD_H 1
| #define __EXTENSIONS__ 1
| #define _ALL_SOURCE 1
| #define _GNU_SOURCE 1
| #define _POSIX_PTHREAD_SEMANTICS 1
| #define _TANDEM_SOURCE 1
| #define ENABLE_NLS 1
| #define HAVE_GETTEXT 1
| #define HAVE_DCGETTEXT 1
| #define HAVE_LANGINFO_CODESET 1
| #define HAVE_LC_MESSAGES 1
| #define HAVE_STRUCT_STAT_ST_BLKSIZE 1
| #define HAVE_DLFCN_H 1
| #define LT_OBJDIR ".libs/"
| #define HAVE_FNMATCH_H 1
| #define HAVE_LIMITS_H 1
| /* end confdefs.h.  */
| #include <sys/mkdev.h>
configure:14872: result: no
configure:14872: checking for sys/mkdev.h
configure:14872: result: no
configure:14872: checking sys/param.h usability
configure:14872: ccache icc -c -g -O2 -fdebug-prefix-map=/dev/shm/gawk/gawk-4.2.1+dfsg=. -Wformat -march=native -pipe -fstack-security-check -Wformat-security -Wall -Wdate-time -D_FORTIFY_SOURCE=2 conftest.c >&5
icc: command line warning #10006: ignoring unknown option '-fdebug-prefix-map=/dev/shm/gawk/gawk-4.2.1+dfsg=.'
Front end time                       0.09 (CPU)       0.00 (elapsed)
Back end time                        0.01 (CPU)       0.00 (elapsed)
Total compilation time               0.10 (CPU)       0.00 (elapsed)
configure:14872: $? = 0
configure:14872: result: yes
configure:14872: checking sys/param.h presence
configure:14872: ccache icc -E -Wdate-time -D_FORTIFY_SOURCE=2 conftest.c
Front end time                       0.03 (CPU)       0.00 (elapsed)
Total compilation time               0.03 (CPU)       0.00 (elapsed)
configure:14872: $? = 0
configure:14872: result: yes
configure:14872: checking for sys/param.h
configure:14872: result: yes
configure:14872: checking sys/select.h usability
configure:14872: ccache icc -c -g -O2 -fdebug-prefix-map=/dev/shm/gawk/gawk-4.2.1+dfsg=. -Wformat -march=native -pipe -fstack-security-check -Wformat-security -Wall -Wdate-time -D_FORTIFY_SOURCE=2 conftest.c >&5
icc: command line warning #10006: ignoring unknown option '-fdebug-prefix-map=/dev/shm/gawk/gawk-4.2.1+dfsg=.'
Front end time                       0.07 (CPU)       0.00 (elapsed)
Back end time                        0.01 (CPU)       0.00 (elapsed)
Total compilation time               0.08 (CPU)       0.00 (elapsed)
configure:14872: $? = 0
configure:14872: result: yes
configure:14872: checking sys/select.h presence
configure:14872: ccache icc -E -Wdate-time -D_FORTIFY_SOURCE=2 conftest.c
Front end time                       0.01 (CPU)       0.00 (elapsed)
Total compilation time               0.01 (CPU)       0.00 (elapsed)
configure:14872: $? = 0
configure:14872: result: yes
configure:14872: checking for sys/select.h
configure:14872: result: yes
configure:14872: checking sys/statvfs.h usability
configure:14872: ccache icc -c -g -O2 -fdebug-prefix-map=/dev/shm/gawk/gawk-4.2.1+dfsg=. -Wformat -march=native -pipe -fstack-security-check -Wformat-security -Wall -Wdate-time -D_FORTIFY_SOURCE=2 conftest.c >&5
icc: command line warning #10006: ignoring unknown option '-fdebug-prefix-map=/dev/shm/gawk/gawk-4.2.1+dfsg=.'
Front end time                       0.08 (CPU)       0.00 (elapsed)
Back end time                        0.01 (CPU)       0.00 (elapsed)
Total compilation time               0.09 (CPU)       0.00 (elapsed)
configure:14872: $? = 0
configure:14872: result: yes
configure:14872: checking sys/statvfs.h presence
configure:14872: ccache icc -E -Wdate-time -D_FORTIFY_SOURCE=2 conftest.c
Front end time                       0.01 (CPU)       0.00 (elapsed)
Total compilation time               0.01 (CPU)       0.00 (elapsed)
configure:14872: $? = 0
configure:14872: result: yes
configure:14872: checking for sys/statvfs.h
configure:14872: result: yes
configure:14872: checking sys/sysmacros.h usability
configure:14872: ccache icc -c -g -O2 -fdebug-prefix-map=/dev/shm/gawk/gawk-4.2.1+dfsg=. -Wformat -march=native -pipe -fstack-security-check -Wformat-security -Wall -Wdate-time -D_FORTIFY_SOURCE=2 conftest.c >&5
icc: command line warning #10006: ignoring unknown option '-fdebug-prefix-map=/dev/shm/gawk/gawk-4.2.1+dfsg=.'
Front end time                       0.08 (CPU)       0.00 (elapsed)
Back end time                        0.01 (CPU)       0.00 (elapsed)
Total compilation time               0.09 (CPU)       0.00 (elapsed)
configure:14872: $? = 0
configure:14872: result: yes
configure:14872: checking sys/sysmacros.h presence
configure:14872: ccache icc -E -Wdate-time -D_FORTIFY_SOURCE=2 conftest.c
Front end time                       0.01 (CPU)       0.00 (elapsed)
Total compilation time               0.01 (CPU)       0.00 (elapsed)
configure:14872: $? = 0
configure:14872: result: yes
configure:14872: checking for sys/sysmacros.h
configure:14872: result: yes
configure:14872: checking sys/time.h usability
configure:14872: ccache icc -c -g -O2 -fdebug-prefix-map=/dev/shm/gawk/gawk-4.2.1+dfsg=. -Wformat -march=native -pipe -fstack-security-check -Wformat-security -Wall -Wdate-time -D_FORTIFY_SOURCE=2 conftest.c >&5
icc: command line warning #10006: ignoring unknown option '-fdebug-prefix-map=/dev/shm/gawk/gawk-4.2.1+dfsg=.'
Front end time                       0.08 (CPU)       0.00 (elapsed)
Back end time                        0.01 (CPU)       0.00 (elapsed)
Total compilation time               0.09 (CPU)       0.00 (elapsed)
configure:14872: $? = 0
configure:14872: result: yes
configure:14872: checking sys/time.h presence
configure:14872: ccache icc -E -Wdate-time -D_FORTIFY_SOURCE=2 conftest.c
Front end time                       0.01 (CPU)       0.00 (elapsed)
Total compilation time               0.01 (CPU)       0.00 (elapsed)
configure:14872: $? = 0
configure:14872: result: yes
configure:14872: checking for sys/time.h
configure:14872: result: yes
configure:14886: checking for dirent.h that defines DIR
configure:14905: ccache icc -c -g -O2 -fdebug-prefix-map=/dev/shm/gawk/gawk-4.2.1+dfsg=. -Wformat -march=native -pipe -fstack-security-check -Wformat-security -Wall -Wdate-time -D_FORTIFY_SOURCE=2 conftest.c >&5
icc: command line warning #10006: ignoring unknown option '-fdebug-prefix-map=/dev/shm/gawk/gawk-4.2.1+dfsg=.'
Front end time                       0.02 (CPU)       0.00 (elapsed)
Back end time                        0.01 (CPU)       0.00 (elapsed)
Total compilation time               0.03 (CPU)       0.00 (elapsed)
configure:14905: $? = 0
configure:14913: result: yes
configure:14926: checking for library containing opendir
configure:14957: ccache icc -o conftest -g -O2 -fdebug-prefix-map=/dev/shm/gawk/gawk-4.2.1+dfsg=. -Wformat -march=native -pipe -fstack-security-check -Wformat-security -Wall -Wdate-time -D_FORTIFY_SOURCE=2 -Wl,-z,relro -Wl,-z,now -Wl,--as-needed,--gc-sections,--relax conftest.c  >&5
icc: command line warning #10006: ignoring unknown option '-fdebug-prefix-map=/dev/shm/gawk/gawk-4.2.1+dfsg=.'
Front end time                       0.00 (CPU)       0.00 (elapsed)
Back end time                        0.00 (CPU)       0.00 (elapsed)
Total compilation time               0.01 (CPU)       0.00 (elapsed)
configure:14957: $? = 0
configure:14974: result: none required
configure:15041: checking whether time.h and sys/time.h may both be included
configure:15061: ccache icc -c -g -O2 -fdebug-prefix-map=/dev/shm/gawk/gawk-4.2.1+dfsg=. -Wformat -march=native -pipe -fstack-security-check -Wformat-security -Wall -Wdate-time -D_FORTIFY_SOURCE=2 conftest.c >&5
icc: command line warning #10006: ignoring unknown option '-fdebug-prefix-map=/dev/shm/gawk/gawk-4.2.1+dfsg=.'
Front end time                       0.02 (CPU)       0.00 (elapsed)
Back end time                        0.01 (CPU)       0.00 (elapsed)
Total compilation time               0.03 (CPU)       0.00 (elapsed)
configure:15061: $? = 0
configure:15068: result: yes
configure:15102: checking whether mpfr via "-lmpfr -lgmp" is present and usable
configure:15129: ccache icc -o conftest -g -O2 -fdebug-prefix-map=/dev/shm/gawk/gawk-4.2.1+dfsg=. -Wformat -march=native -pipe -fstack-security-check -Wformat-security -Wall -Wdate-time -D_FORTIFY_SOURCE=2 -Wl,-z,relro -Wl,-z,now -Wl,--as-needed,--gc-sections,--relax conftest.c  -lmpfr -lgmp >&5
icc: command line warning #10006: ignoring unknown option '-fdebug-prefix-map=/dev/shm/gawk/gawk-4.2.1+dfsg=.'
Front end time                       0.05 (CPU)       0.00 (elapsed)
Back end time                        0.01 (CPU)       0.00 (elapsed)
Total compilation time               0.06 (CPU)       0.00 (elapsed)
configure:15129: $? = 0
configure:15137: result: yes
configure:15161: checking for library containing fmod
configure:15192: ccache icc -o conftest -g -O2 -fdebug-prefix-map=/dev/shm/gawk/gawk-4.2.1+dfsg=. -Wformat -march=native -pipe -fstack-security-check -Wformat-security -Wall -Wdate-time -D_FORTIFY_SOURCE=2 -Wl,-z,relro -Wl,-z,now -Wl,--as-needed,--gc-sections,--relax conftest.c  >&5
icc: command line warning #10006: ignoring unknown option '-fdebug-prefix-map=/dev/shm/gawk/gawk-4.2.1+dfsg=.'
Front end time                       0.00 (CPU)       0.00 (elapsed)
Back end time                        0.00 (CPU)       0.00 (elapsed)
Total compilation time               0.01 (CPU)       0.00 (elapsed)
configure:15192: $? = 0
configure:15209: result: none required
configure:15222: checking for fdopendir
configure:15222: ccache icc -o conftest -g -O2 -fdebug-prefix-map=/dev/shm/gawk/gawk-4.2.1+dfsg=. -Wformat -march=native -pipe -fstack-security-check -Wformat-security -Wall -Wdate-time -D_FORTIFY_SOURCE=2 -Wl,-z,relro -Wl,-z,now -Wl,--as-needed,--gc-sections,--relax conftest.c  >&5
icc: command line warning #10006: ignoring unknown option '-fdebug-prefix-map=/dev/shm/gawk/gawk-4.2.1+dfsg=.'
Front end time                       0.01 (CPU)       0.00 (elapsed)
Back end time                        0.01 (CPU)       0.00 (elapsed)
Total compilation time               0.02 (CPU)       0.00 (elapsed)
configure:15222: $? = 0
configure:15222: result: yes
configure:15222: checking for fmod
configure:15222: ccache icc -o conftest -g -O2 -fdebug-prefix-map=/dev/shm/gawk/gawk-4.2.1+dfsg=. -Wformat -march=native -pipe -fstack-security-check -Wformat-security -Wall -Wdate-time -D_FORTIFY_SOURCE=2 -Wl,-z,relro -Wl,-z,now -Wl,--as-needed,--gc-sections,--relax conftest.c  >&5
icc: command line warning #10006: ignoring unknown option '-fdebug-prefix-map=/dev/shm/gawk/gawk-4.2.1+dfsg=.'
Front end time                       0.01 (CPU)       0.00 (elapsed)
Back end time                        0.01 (CPU)       0.00 (elapsed)
Total compilation time               0.02 (CPU)       0.00 (elapsed)
configure:15222: $? = 0
configure:15222: result: yes
configure:15222: checking for fnmatch
configure:15222: ccache icc -o conftest -g -O2 -fdebug-prefix-map=/dev/shm/gawk/gawk-4.2.1+dfsg=. -Wformat -march=native -pipe -fstack-security-check -Wformat-security -Wall -Wdate-time -D_FORTIFY_SOURCE=2 -Wl,-z,relro -Wl,-z,now -Wl,--as-needed,--gc-sections,--relax conftest.c  >&5
icc: command line warning #10006: ignoring unknown option '-fdebug-prefix-map=/dev/shm/gawk/gawk-4.2.1+dfsg=.'
Front end time                       0.01 (CPU)       0.00 (elapsed)
Back end time                        0.01 (CPU)       0.00 (elapsed)
Total compilation time               0.02 (CPU)       0.00 (elapsed)
configure:15222: $? = 0
configure:15222: result: yes
configure:15222: checking for getdtablesize
configure:15222: ccache icc -o conftest -g -O2 -fdebug-prefix-map=/dev/shm/gawk/gawk-4.2.1+dfsg=. -Wformat -march=native -pipe -fstack-security-check -Wformat-security -Wall -Wdate-time -D_FORTIFY_SOURCE=2 -Wl,-z,relro -Wl,-z,now -Wl,--as-needed,--gc-sections,--relax conftest.c  >&5
icc: command line warning #10006: ignoring unknown option '-fdebug-prefix-map=/dev/shm/gawk/gawk-4.2.1+dfsg=.'
Front end time                       0.01 (CPU)       0.00 (elapsed)
Back end time                        0.01 (CPU)       0.00 (elapsed)
Total compilation time               0.02 (CPU)       0.00 (elapsed)
configure:15222: $? = 0
configure:15222: result: yes
configure:15222: checking for gettimeofday
configure:15222: ccache icc -o conftest -g -O2 -fdebug-prefix-map=/dev/shm/gawk/gawk-4.2.1+dfsg=. -Wformat -march=native -pipe -fstack-security-check -Wformat-security -Wall -Wdate-time -D_FORTIFY_SOURCE=2 -Wl,-z,relro -Wl,-z,now -Wl,--as-needed,--gc-sections,--relax conftest.c  >&5
icc: command line warning #10006: ignoring unknown option '-fdebug-prefix-map=/dev/shm/gawk/gawk-4.2.1+dfsg=.'
Front end time                       0.01 (CPU)       0.00 (elapsed)
Back end time                        0.01 (CPU)       0.00 (elapsed)
Total compilation time               0.02 (CPU)       0.00 (elapsed)
configure:15222: $? = 0
configure:15222: result: yes
configure:15222: checking for nanosleep
configure:15222: ccache icc -o conftest -g -O2 -fdebug-prefix-map=/dev/shm/gawk/gawk-4.2.1+dfsg=. -Wformat -march=native -pipe -fstack-security-check -Wformat-security -Wall -Wdate-time -D_FORTIFY_SOURCE=2 -Wl,-z,relro -Wl,-z,now -Wl,--as-needed,--gc-sections,--relax conftest.c  >&5
icc: command line warning #10006: ignoring unknown option '-fdebug-prefix-map=/dev/shm/gawk/gawk-4.2.1+dfsg=.'
Front end time                       0.01 (CPU)       0.00 (elapsed)
Back end time                        0.01 (CPU)       0.00 (elapsed)
Total compilation time               0.02 (CPU)       0.00 (elapsed)
configure:15222: $? = 0
configure:15222: result: yes
configure:15222: checking for select
configure:15222: ccache icc -o conftest -g -O2 -fdebug-prefix-map=/dev/shm/gawk/gawk-4.2.1+dfsg=. -Wformat -march=native -pipe -fstack-security-check -Wformat-security -Wall -Wdate-time -D_FORTIFY_SOURCE=2 -Wl,-z,relro -Wl,-z,now -Wl,--as-needed,--gc-sections,--relax conftest.c  >&5
icc: command line warning #10006: ignoring unknown option '-fdebug-prefix-map=/dev/shm/gawk/gawk-4.2.1+dfsg=.'
Front end time                       0.01 (CPU)       0.00 (elapsed)
Back end time                        0.01 (CPU)       0.00 (elapsed)
Total compilation time               0.02 (CPU)       0.00 (elapsed)
configure:15222: $? = 0
configure:15222: result: yes
configure:15222: checking for statvfs
configure:15222: ccache icc -o conftest -g -O2 -fdebug-prefix-map=/dev/shm/gawk/gawk-4.2.1+dfsg=. -Wformat -march=native -pipe -fstack-security-check -Wformat-security -Wall -Wdate-time -D_FORTIFY_SOURCE=2 -Wl,-z,relro -Wl,-z,now -Wl,--as-needed,--gc-sections,--relax conftest.c  >&5
icc: command line warning #10006: ignoring unknown option '-fdebug-prefix-map=/dev/shm/gawk/gawk-4.2.1+dfsg=.'
Front end time                       0.01 (CPU)       0.00 (elapsed)
Back end time                        0.01 (CPU)       0.00 (elapsed)
Total compilation time               0.02 (CPU)       0.00 (elapsed)
configure:15222: $? = 0
configure:15222: result: yes
configure:15222: checking for GetSystemTimeAsFileTime
configure:15222: ccache icc -o conftest -g -O2 -fdebug-prefix-map=/dev/shm/gawk/gawk-4.2.1+dfsg=. -Wformat -march=native -pipe -fstack-security-check -Wformat-security -Wall -Wdate-time -D_FORTIFY_SOURCE=2 -Wl,-z,relro -Wl,-z,now -Wl,--as-needed,--gc-sections,--relax conftest.c  >&5
icc: command line warning #10006: ignoring unknown option '-fdebug-prefix-map=/dev/shm/gawk/gawk-4.2.1+dfsg=.'
Front end time                       0.01 (CPU)       0.00 (elapsed)
Back end time                        0.01 (CPU)       0.00 (elapsed)
Total compilation time               0.02 (CPU)       0.00 (elapsed)
ipo: warning #11021: unresolved GetSystemTimeAsFileTime
        Referenced in /tmp/ipo_iccZQpMcL.o
/usr/bin/x86_64-linux-gnu-ld: /tmp/ipo_iccZQpMcL.o: in function `main':
/dev/shm/gawk/gawk-4.2.1+dfsg/extension/conftest.c:86: undefined reference to `GetSystemTimeAsFileTime'
configure:15222: $? = 1
configure: failed program was:
| /* confdefs.h */
| #define PACKAGE_NAME "GNU Awk Bundled Extensions"
| #define PACKAGE_TARNAME "gawk-extensions"
| #define PACKAGE_VERSION "4.2.1"
| #define PACKAGE_STRING "GNU Awk Bundled Extensions 4.2.1"
| #define PACKAGE_BUGREPORT "bug-gawk@gnu.org"
| #define PACKAGE_URL "http://www.gnu.org/software/gawk-extensions/"
| #define PACKAGE "gawk-extensions"
| #define VERSION "4.2.1"
| #define STDC_HEADERS 1
| #define HAVE_SYS_TYPES_H 1
| #define HAVE_SYS_STAT_H 1
| #define HAVE_STDLIB_H 1
| #define HAVE_STRING_H 1
| #define HAVE_MEMORY_H 1
| #define HAVE_STRINGS_H 1
| #define HAVE_INTTYPES_H 1
| #define HAVE_STDINT_H 1
| #define HAVE_UNISTD_H 1
| #define __EXTENSIONS__ 1
| #define _ALL_SOURCE 1
| #define _GNU_SOURCE 1
| #define _POSIX_PTHREAD_SEMANTICS 1
| #define _TANDEM_SOURCE 1
| #define ENABLE_NLS 1
| #define HAVE_GETTEXT 1
| #define HAVE_DCGETTEXT 1
| #define HAVE_LANGINFO_CODESET 1
| #define HAVE_LC_MESSAGES 1
| #define HAVE_STRUCT_STAT_ST_BLKSIZE 1
| #define HAVE_DLFCN_H 1
| #define LT_OBJDIR ".libs/"
| #define HAVE_FNMATCH_H 1
| #define HAVE_LIMITS_H 1
| #define HAVE_SYS_PARAM_H 1
| #define HAVE_SYS_SELECT_H 1
| #define HAVE_SYS_STATVFS_H 1
| #define HAVE_SYS_SYSMACROS_H 1
| #define HAVE_SYS_TIME_H 1
| #define HAVE_DIRENT_H 1
| #define TIME_WITH_SYS_TIME 1
| #define HAVE_MPFR 1
| #define HAVE_FDOPENDIR 1
| #define HAVE_FMOD 1
| #define HAVE_FNMATCH 1
| #define HAVE_GETDTABLESIZE 1
| #define HAVE_GETTIMEOFDAY 1
| #define HAVE_NANOSLEEP 1
| #define HAVE_SELECT 1
| #define HAVE_STATVFS 1
| /* end confdefs.h.  */
| /* Define GetSystemTimeAsFileTime to an innocuous variant, in case <limits.h> declares GetSystemTimeAsFileTime.
|    For example, HP-UX 11i <limits.h> declares gettimeofday.  */
| #define GetSystemTimeAsFileTime innocuous_GetSystemTimeAsFileTime
| 
| /* System header to define __stub macros and hopefully few prototypes,
|     which can conflict with char GetSystemTimeAsFileTime (); below.
|     Prefer <limits.h> to <assert.h> if __STDC__ is defined, since
|     <limits.h> exists even on freestanding compilers.  */
| 
| #ifdef __STDC__
| # include <limits.h>
| #else
| # include <assert.h>
| #endif
| 
| #undef GetSystemTimeAsFileTime
| 
| /* Override any GCC internal prototype to avoid an error.
|    Use char because int might match the return type of a GCC
|    builtin and then its argument prototype would still apply.  */
| #ifdef __cplusplus
| extern "C"
| #endif
| char GetSystemTimeAsFileTime ();
| /* The GNU C library defines this for functions which it implements
|     to always fail with ENOSYS.  Some functions are actually named
|     something starting with __ and the normal name is an alias.  */
| #if defined __stub_GetSystemTimeAsFileTime || defined __stub___GetSystemTimeAsFileTime
| choke me
| #endif
| 
| int
| main ()
| {
| return GetSystemTimeAsFileTime ();
|   ;
|   return 0;
| }
configure:15222: result: no
configure:15238: checking for dirfd
configure:15238: ccache icc -o conftest -g -O2 -fdebug-prefix-map=/dev/shm/gawk/gawk-4.2.1+dfsg=. -Wformat -march=native -pipe -fstack-security-check -Wformat-security -Wall -Wdate-time -D_FORTIFY_SOURCE=2 -Wl,-z,relro -Wl,-z,now -Wl,--as-needed,--gc-sections,--relax conftest.c  >&5
icc: command line warning #10006: ignoring unknown option '-fdebug-prefix-map=/dev/shm/gawk/gawk-4.2.1+dfsg=.'
Front end time                       0.01 (CPU)       0.00 (elapsed)
Back end time                        0.01 (CPU)       0.00 (elapsed)
Total compilation time               0.02 (CPU)       0.00 (elapsed)
configure:15238: $? = 0
configure:15238: result: yes
configure:15247: checking whether dirfd is declared
configure:15247: ccache icc -c -g -O2 -fdebug-prefix-map=/dev/shm/gawk/gawk-4.2.1+dfsg=. -Wformat -march=native -pipe -fstack-security-check -Wformat-security -Wall -Wdate-time -D_FORTIFY_SOURCE=2 conftest.c >&5
icc: command line warning #10006: ignoring unknown option '-fdebug-prefix-map=/dev/shm/gawk/gawk-4.2.1+dfsg=.'
Front end time                       0.02 (CPU)       0.00 (elapsed)
Back end time                        0.01 (CPU)       0.00 (elapsed)
Total compilation time               0.03 (CPU)       0.00 (elapsed)
configure:15247: $? = 0
configure:15247: result: yes
configure:15264: checking whether dirfd is a macro
Front end time                       0.02 (CPU)       0.00 (elapsed)
Total compilation time               0.02 (CPU)       0.00 (elapsed)
configure:15287: result: no
configure:15299: checking how to get the file descriptor associated with an open DIR*
configure:15322: ccache icc -c -g -O2 -fdebug-prefix-map=/dev/shm/gawk/gawk-4.2.1+dfsg=. -Wformat -march=native -pipe -fstack-security-check -Wformat-security -Wall -DDIR_FD_MEMBER_NAME=d_fd -Wdate-time -D_FORTIFY_SOURCE=2 conftest.c >&5
icc: command line warning #10006: ignoring unknown option '-fdebug-prefix-map=/dev/shm/gawk/gawk-4.2.1+dfsg=.'
conftest.c(60): error: pointer to incomplete class type is not allowed
  DIR *dir_p = opendir("."); (void) dir_p->DIR_FD_MEMBER_NAME;
                                    ^

Front end time                       0.02 (CPU)       0.00 (elapsed)
Total compilation time               0.02 (CPU)       0.00 (elapsed)
compilation aborted for conftest.c (code 2)
configure:15322: $? = 2
configure: failed program was:
| /* confdefs.h */
| #define PACKAGE_NAME "GNU Awk Bundled Extensions"
| #define PACKAGE_TARNAME "gawk-extensions"
| #define PACKAGE_VERSION "4.2.1"
| #define PACKAGE_STRING "GNU Awk Bundled Extensions 4.2.1"
| #define PACKAGE_BUGREPORT "bug-gawk@gnu.org"
| #define PACKAGE_URL "http://www.gnu.org/software/gawk-extensions/"
| #define PACKAGE "gawk-extensions"
| #define VERSION "4.2.1"
| #define STDC_HEADERS 1
| #define HAVE_SYS_TYPES_H 1
| #define HAVE_SYS_STAT_H 1
| #define HAVE_STDLIB_H 1
| #define HAVE_STRING_H 1
| #define HAVE_MEMORY_H 1
| #define HAVE_STRINGS_H 1
| #define HAVE_INTTYPES_H 1
| #define HAVE_STDINT_H 1
| #define HAVE_UNISTD_H 1
| #define __EXTENSIONS__ 1
| #define _ALL_SOURCE 1
| #define _GNU_SOURCE 1
| #define _POSIX_PTHREAD_SEMANTICS 1
| #define _TANDEM_SOURCE 1
| #define ENABLE_NLS 1
| #define HAVE_GETTEXT 1
| #define HAVE_DCGETTEXT 1
| #define HAVE_LANGINFO_CODESET 1
| #define HAVE_LC_MESSAGES 1
| #define HAVE_STRUCT_STAT_ST_BLKSIZE 1
| #define HAVE_DLFCN_H 1
| #define LT_OBJDIR ".libs/"
| #define HAVE_FNMATCH_H 1
| #define HAVE_LIMITS_H 1
| #define HAVE_SYS_PARAM_H 1
| #define HAVE_SYS_SELECT_H 1
| #define HAVE_SYS_STATVFS_H 1
| #define HAVE_SYS_SYSMACROS_H 1
| #define HAVE_SYS_TIME_H 1
| #define HAVE_DIRENT_H 1
| #define TIME_WITH_SYS_TIME 1
| #define HAVE_MPFR 1
| #define HAVE_FDOPENDIR 1
| #define HAVE_FMOD 1
| #define HAVE_FNMATCH 1
| #define HAVE_GETDTABLESIZE 1
| #define HAVE_GETTIMEOFDAY 1
| #define HAVE_NANOSLEEP 1
| #define HAVE_SELECT 1
| #define HAVE_STATVFS 1
| #define HAVE_DIRFD 1
| #define HAVE_DECL_DIRFD 1
| /* end confdefs.h.  */
| 
|            #include <sys/types.h>
|            #include <dirent.h>
| int
| main ()
| {
| DIR *dir_p = opendir("."); (void) dir_p->DIR_FD_MEMBER_NAME;
|   ;
|   return 0;
| }
configure:15322: ccache icc -c -g -O2 -fdebug-prefix-map=/dev/shm/gawk/gawk-4.2.1+dfsg=. -Wformat -march=native -pipe -fstack-security-check -Wformat-security -Wall -DDIR_FD_MEMBER_NAME=dd_fd -Wdate-time -D_FORTIFY_SOURCE=2 conftest.c >&5
icc: command line warning #10006: ignoring unknown option '-fdebug-prefix-map=/dev/shm/gawk/gawk-4.2.1+dfsg=.'
conftest.c(60): error: pointer to incomplete class type is not allowed
  DIR *dir_p = opendir("."); (void) dir_p->DIR_FD_MEMBER_NAME;
                                    ^

Front end time                       0.02 (CPU)       0.00 (elapsed)
Total compilation time               0.02 (CPU)       0.00 (elapsed)
compilation aborted for conftest.c (code 2)
configure:15322: $? = 2
configure: failed program was:
| /* confdefs.h */
| #define PACKAGE_NAME "GNU Awk Bundled Extensions"
| #define PACKAGE_TARNAME "gawk-extensions"
| #define PACKAGE_VERSION "4.2.1"
| #define PACKAGE_STRING "GNU Awk Bundled Extensions 4.2.1"
| #define PACKAGE_BUGREPORT "bug-gawk@gnu.org"
| #define PACKAGE_URL "http://www.gnu.org/software/gawk-extensions/"
| #define PACKAGE "gawk-extensions"
| #define VERSION "4.2.1"
| #define STDC_HEADERS 1
| #define HAVE_SYS_TYPES_H 1
| #define HAVE_SYS_STAT_H 1
| #define HAVE_STDLIB_H 1
| #define HAVE_STRING_H 1
| #define HAVE_MEMORY_H 1
| #define HAVE_STRINGS_H 1
| #define HAVE_INTTYPES_H 1
| #define HAVE_STDINT_H 1
| #define HAVE_UNISTD_H 1
| #define __EXTENSIONS__ 1
| #define _ALL_SOURCE 1
| #define _GNU_SOURCE 1
| #define _POSIX_PTHREAD_SEMANTICS 1
| #define _TANDEM_SOURCE 1
| #define ENABLE_NLS 1
| #define HAVE_GETTEXT 1
| #define HAVE_DCGETTEXT 1
| #define HAVE_LANGINFO_CODESET 1
| #define HAVE_LC_MESSAGES 1
| #define HAVE_STRUCT_STAT_ST_BLKSIZE 1
| #define HAVE_DLFCN_H 1
| #define LT_OBJDIR ".libs/"
| #define HAVE_FNMATCH_H 1
| #define HAVE_LIMITS_H 1
| #define HAVE_SYS_PARAM_H 1
| #define HAVE_SYS_SELECT_H 1
| #define HAVE_SYS_STATVFS_H 1
| #define HAVE_SYS_SYSMACROS_H 1
| #define HAVE_SYS_TIME_H 1
| #define HAVE_DIRENT_H 1
| #define TIME_WITH_SYS_TIME 1
| #define HAVE_MPFR 1
| #define HAVE_FDOPENDIR 1
| #define HAVE_FMOD 1
| #define HAVE_FNMATCH 1
| #define HAVE_GETDTABLESIZE 1
| #define HAVE_GETTIMEOFDAY 1
| #define HAVE_NANOSLEEP 1
| #define HAVE_SELECT 1
| #define HAVE_STATVFS 1
| #define HAVE_DIRFD 1
| #define HAVE_DECL_DIRFD 1
| /* end confdefs.h.  */
| 
|            #include <sys/types.h>
|            #include <dirent.h>
| int
| main ()
| {
| DIR *dir_p = opendir("."); (void) dir_p->DIR_FD_MEMBER_NAME;
|   ;
|   return 0;
| }
configure:15336: result: no_such_member
configure:15348: checking for inline
configure:15364: ccache icc -c -g -O2 -fdebug-prefix-map=/dev/shm/gawk/gawk-4.2.1+dfsg=. -Wformat -march=native -pipe -fstack-security-check -Wformat-security -Wall -Wdate-time -D_FORTIFY_SOURCE=2 conftest.c >&5
icc: command line warning #10006: ignoring unknown option '-fdebug-prefix-map=/dev/shm/gawk/gawk-4.2.1+dfsg=.'
Front end time                       0.01 (CPU)       0.00 (elapsed)
Back end time                        0.00 (CPU)       0.00 (elapsed)
Total compilation time               0.01 (CPU)       0.00 (elapsed)
configure:15364: $? = 0
configure:15372: result: inline
configure:15506: checking that generated files are newer than configure
configure:15512: result: done
configure:15535: creating ./config.status

## ---------------------- ##
## Running config.status. ##
## ---------------------- ##

This file was extended by GNU Awk Bundled Extensions config.status 4.2.1, which was
generated by GNU Autoconf 2.69.  Invocation command line was

  CONFIG_FILES    = 
  CONFIG_HEADERS  = 
  CONFIG_LINKS    = 
  CONFIG_COMMANDS = 
  $ ./config.status 

on server

config.status:1143: creating Makefile
config.status:1143: creating config.h
config.status:1372: executing depfiles commands
config.status:1372: executing po-directories commands
config.status:1372: executing libtool commands

## ---------------- ##
## Cache variables. ##
## ---------------- ##

ac_cv_build=x86_64-pc-linux-gnu
ac_cv_c_compiler_gnu=yes
ac_cv_c_inline=inline
ac_cv_env_CC_set=set
ac_cv_env_CC_value='ccache icc'
ac_cv_env_CFLAGS_set=set
ac_cv_env_CFLAGS_value='-g -O2 -fdebug-prefix-map=/dev/shm/gawk/gawk-4.2.1+dfsg=. -Wformat -march=native -pipe -fstack-security-check -Wformat-security'
ac_cv_env_CPPFLAGS_set=set
ac_cv_env_CPPFLAGS_value='-Wdate-time -D_FORTIFY_SOURCE=2'
ac_cv_env_CPP_set=set
ac_cv_env_CPP_value='ccache icc -E'
ac_cv_env_LDFLAGS_set=set
ac_cv_env_LDFLAGS_value='-Wl,-z,relro -Wl,-z,now -Wl,--as-needed,--gc-sections,--relax'
ac_cv_env_LIBS_set=
ac_cv_env_LIBS_value=
ac_cv_env_LT_SYS_LIBRARY_PATH_set=
ac_cv_env_LT_SYS_LIBRARY_PATH_value=
ac_cv_env_build_alias_set=set
ac_cv_env_build_alias_value=x86_64-linux-gnu
ac_cv_env_host_alias_set=
ac_cv_env_host_alias_value=
ac_cv_env_target_alias_set=
ac_cv_env_target_alias_value=
ac_cv_func_GetSystemTimeAsFileTime=no
ac_cv_func_dirfd=yes
ac_cv_func_fdopendir=yes
ac_cv_func_fmod=yes
ac_cv_func_fnmatch=yes
ac_cv_func_getdtablesize=yes
ac_cv_func_gettimeofday=yes
ac_cv_func_nanosleep=yes
ac_cv_func_select=yes
ac_cv_func_statvfs=yes
ac_cv_have_decl_dirfd=yes
ac_cv_header_dirent_dirent_h=yes
ac_cv_header_dlfcn_h=yes
ac_cv_header_fnmatch_h=yes
ac_cv_header_inttypes_h=yes
ac_cv_header_limits_h=yes
ac_cv_header_memory_h=yes
ac_cv_header_minix_config_h=no
ac_cv_header_stdc=yes
ac_cv_header_stdint_h=yes
ac_cv_header_stdlib_h=yes
ac_cv_header_string_h=yes
ac_cv_header_strings_h=yes
ac_cv_header_sys_mkdev_h=no
ac_cv_header_sys_param_h=yes
ac_cv_header_sys_select_h=yes
ac_cv_header_sys_stat_h=yes
ac_cv_header_sys_statvfs_h=yes
ac_cv_header_sys_sysmacros_h=yes
ac_cv_header_sys_time_h=yes
ac_cv_header_sys_types_h=yes
ac_cv_header_time=yes
ac_cv_header_unistd_h=yes
ac_cv_host=x86_64-pc-linux-gnu
ac_cv_member_struct_stat_st_blksize=yes
ac_cv_objext=o
ac_cv_path_EGREP='/bin/grep -E'
ac_cv_path_FGREP='/bin/grep -F'
ac_cv_path_GMSGFMT=/usr/bin/msgfmt
ac_cv_path_GREP=/bin/grep
ac_cv_path_MSGFMT=/usr/bin/msgfmt
ac_cv_path_MSGMERGE=/usr/bin/msgmerge
ac_cv_path_SED=/bin/sed
ac_cv_path_XGETTEXT=/usr/bin/xgettext
ac_cv_path_lt_DD=/bin/dd
ac_cv_path_mkdir=/bin/mkdir
ac_cv_prog_AWK=mawk
ac_cv_prog_CPP='ccache icc -E'
ac_cv_prog_ac_ct_CC='ccache icc'
ac_cv_prog_ac_ct_MANIFEST_TOOL=mt
ac_cv_prog_ac_ct_OBJDUMP=objdump
ac_cv_prog_ac_ct_RANLIB=ranlib
ac_cv_prog_ac_ct_STRIP=strip
ac_cv_prog_cc_c89=
ac_cv_prog_cc_g=yes
ac_cv_prog_make_make_set=yes
ac_cv_safe_to_define___extensions__=yes
ac_cv_search_fmod='none required'
ac_cv_search_opendir='none required'
ac_cv_sys_file_offset_bits=no
ac_cv_sys_largefile_CC=no
ac_cv_zos_uss=no
acl_cv_hardcode_direct=no
acl_cv_hardcode_libdir_flag_spec='${wl}-rpath ${wl}$libdir'
acl_cv_hardcode_libdir_separator=
acl_cv_hardcode_minus_L=no
acl_cv_libext=a
acl_cv_libname_spec='lib$name'
acl_cv_library_names_spec='$libname$shrext'
acl_cv_path_LD=xild
acl_cv_prog_gnu_ld=yes
acl_cv_rpath=done
acl_cv_shlibext=so
acl_cv_wl=-Wl,
am_cv_CC_dependencies_compiler_type=none
am_cv_ar_interface=ar
am_cv_langinfo_codeset=yes
am_cv_make_support_nested_variables=yes
am_cv_prog_cc_c_o=yes
gl_cv_func_dirfd_macro=no
gl_cv_sys_dir_fd_member_name=no_such_member
gt_cv_func_CFLocaleCopyCurrent=no
gt_cv_func_CFPreferencesCopyAppValue=no
gt_cv_func_gnugettext1_libc=yes
gt_cv_val_LC_MESSAGES=yes
lt_cv_ar_at_file=@
lt_cv_archive_cmds_need_lc=no
lt_cv_deplibs_check_method=pass_all
lt_cv_file_magic_cmd='$MAGIC_CMD'
lt_cv_file_magic_test_file=
lt_cv_ld_reload_flag=-r
lt_cv_nm_interface='BSD nm'
lt_cv_objdir=.libs
lt_cv_path_LD=xild
lt_cv_path_NM='/usr/bin/nm -B'
lt_cv_path_mainfest_tool=no
lt_cv_prog_compiler_c_o=yes
lt_cv_prog_compiler_pic='-fPIC -DPIC'
lt_cv_prog_compiler_pic_works=yes
lt_cv_prog_compiler_rtti_exceptions=yes
lt_cv_prog_compiler_static_works=no
lt_cv_prog_gnu_ld=yes
lt_cv_sharedlib_from_linklib_cmd='printf %s\n'
lt_cv_shlibpath_overrides_runpath=yes
lt_cv_sys_global_symbol_pipe='sed -n -e '\''s/^.*[	 ]\([ABCDGIRSTW][ABCDGIRSTW]*\)[	 ][	 ]*\([_A-Za-z][_A-Za-z0-9]*\)$/\1 \2 \2/p'\'' | sed '\''/ __gnu_lto/d'\'''
lt_cv_sys_global_symbol_to_c_name_address='sed -n -e '\''s/^: \(.*\) .*$/  {"\1", (void *) 0},/p'\'' -e '\''s/^[ABCDGIRSTW][ABCDGIRSTW]* .* \(.*\)$/  {"\1", (void *) \&\1},/p'\'''
lt_cv_sys_global_symbol_to_c_name_address_lib_prefix='sed -n -e '\''s/^: \(.*\) .*$/  {"\1", (void *) 0},/p'\'' -e '\''s/^[ABCDGIRSTW][ABCDGIRSTW]* .* \(lib.*\)$/  {"\1", (void *) \&\1},/p'\'' -e '\''s/^[ABCDGIRSTW][ABCDGIRSTW]* .* \(.*\)$/  {"lib\1", (void *) \&\1},/p'\'''
lt_cv_sys_global_symbol_to_cdecl='sed -n -e '\''s/^T .* \(.*\)$/extern int \1();/p'\'' -e '\''s/^[ABCDGIRSTW][ABCDGIRSTW]* .* \(.*\)$/extern char \1;/p'\'''
lt_cv_sys_global_symbol_to_import=
lt_cv_sys_max_cmd_len=1572864
lt_cv_to_host_file_cmd=func_convert_file_noop
lt_cv_to_tool_file_cmd=func_convert_file_noop
lt_cv_truncate_bin='/bin/dd bs=4096 count=1'

## ----------------- ##
## Output variables. ##
## ----------------- ##

ACLOCAL='${SHELL} /dev/shm/gawk/gawk-4.2.1+dfsg/extension/build-aux/missing aclocal-1.15'
AMDEPBACKSLASH=''
AMDEP_FALSE=''
AMDEP_TRUE='#'
AMTAR='$${TAR-tar}'
AM_BACKSLASH='\'
AM_DEFAULT_V='$(AM_DEFAULT_VERBOSITY)'
AM_DEFAULT_VERBOSITY='1'
AM_V='$(V)'
AR='xiar'
AUTOCONF='${SHELL} /dev/shm/gawk/gawk-4.2.1+dfsg/extension/build-aux/missing autoconf'
AUTOHEADER='${SHELL} /dev/shm/gawk/gawk-4.2.1+dfsg/extension/build-aux/missing autoheader'
AUTOMAKE='${SHELL} /dev/shm/gawk/gawk-4.2.1+dfsg/extension/build-aux/missing automake-1.15'
AWK='mawk'
CC='ccache icc'
CCDEPMODE='depmode=none'
CFLAGS='-g -O2 -fdebug-prefix-map=/dev/shm/gawk/gawk-4.2.1+dfsg=. -Wformat -march=native -pipe -fstack-security-check -Wformat-security -Wall'
CPP='ccache icc -E'
CPPFLAGS='-Wdate-time -D_FORTIFY_SOURCE=2'
CYGPATH_W='echo'
DEFS='-DHAVE_CONFIG_H'
DEPDIR='.deps'
DLLTOOL='false'
DSYMUTIL=''
DUMPBIN=''
ECHO_C=''
ECHO_N='-n'
ECHO_T=''
EGREP='/bin/grep -E'
EXEEXT=''
FGREP='/bin/grep -F'
GETTEXT_MACRO_VERSION='0.19'
GMSGFMT='/usr/bin/msgfmt'
GMSGFMT_015='/usr/bin/msgfmt'
GREP='/bin/grep'
INSTALL_DATA='${INSTALL} -m 644'
INSTALL_PROGRAM='${INSTALL}'
INSTALL_SCRIPT='${INSTALL}'
INSTALL_STRIP_PROGRAM='$(install_sh) -c -s'
INTLLIBS=''
INTL_MACOSX_LIBS=''
LD='xild -m elf_x86_64'
LDFLAGS='-Wl,-z,relro -Wl,-z,now -Wl,--as-needed,--gc-sections,--relax'
LIBICONV='-liconv'
LIBINTL=''
LIBMPFR='-lmpfr -lgmp'
LIBOBJS=''
LIBS=''
LIBTOOL='$(SHELL) $(top_builddir)/libtool'
LIPO=''
LN_S='ln -s'
LTLIBICONV='-liconv'
LTLIBINTL=''
LTLIBOBJS=''
LT_SYS_LIBRARY_PATH=''
MAKEINFO='${SHELL} /dev/shm/gawk/gawk-4.2.1+dfsg/extension/build-aux/missing makeinfo'
MANIFEST_TOOL=':'
MKDIR_P='/bin/mkdir -p'
MSGFMT='/usr/bin/msgfmt'
MSGFMT_015='/usr/bin/msgfmt'
MSGMERGE='/usr/bin/msgmerge'
NM='/usr/bin/nm -B'
NMEDIT=''
OBJDUMP='objdump'
OBJEXT='o'
OTOOL64=''
OTOOL=''
PACKAGE='gawk-extensions'
PACKAGE_BUGREPORT='bug-gawk@gnu.org'
PACKAGE_NAME='GNU Awk Bundled Extensions'
PACKAGE_STRING='GNU Awk Bundled Extensions 4.2.1'
PACKAGE_TARNAME='gawk-extensions'
PACKAGE_URL='http://www.gnu.org/software/gawk-extensions/'
PACKAGE_VERSION='4.2.1'
PATH_SEPARATOR=':'
POSUB='po'
RANLIB='ranlib'
SED='/bin/sed'
SET_MAKE=''
SHELL='/bin/bash'
STRIP='strip'
USE_NLS='yes'
VERSION='4.2.1'
XGETTEXT='/usr/bin/xgettext'
XGETTEXT_015='/usr/bin/xgettext'
XGETTEXT_EXTRA_OPTIONS=''
ac_ct_AR=''
ac_ct_CC='ccache icc'
ac_ct_DUMPBIN=''
am__EXEEXT_FALSE=''
am__EXEEXT_TRUE='#'
am__fastdepCC_FALSE=''
am__fastdepCC_TRUE='#'
am__include='include'
am__isrc=''
am__leading_dot='.'
am__nodep=''
am__quote=''
am__tar='$${TAR-tar} chof - "$$tardir"'
am__untar='$${TAR-tar} xf -'
bindir='${exec_prefix}/bin'
build='x86_64-pc-linux-gnu'
build_alias='x86_64-linux-gnu'
build_cpu='x86_64'
build_os='linux-gnu'
build_vendor='pc'
datadir='${datarootdir}'
datarootdir='${prefix}/share'
docdir='${datarootdir}/doc/${PACKAGE_TARNAME}'
dvidir='${docdir}'
exec_prefix='${prefix}'
host='x86_64-pc-linux-gnu'
host_alias=''
host_cpu='x86_64'
host_os='linux-gnu'
host_vendor='pc'
htmldir='${docdir}'
includedir='${prefix}/include'
infodir='${prefix}/share/info'
install_sh='${SHELL} /dev/shm/gawk/gawk-4.2.1+dfsg/extension/build-aux/install-sh'
libdir='${prefix}/lib/x86_64-linux-gnu'
libexecdir='${prefix}/lib/x86_64-linux-gnu'
localedir='${datarootdir}/locale'
localstatedir='/var'
mandir='${prefix}/share/man'
mkdir_p='$(MKDIR_P)'
oldincludedir='/usr/include'
pdfdir='${docdir}'
pkgextensiondir='${libdir}/gawk'
prefix='/usr'
program_transform_name='s,x,x,'
psdir='${docdir}'
sbindir='${exec_prefix}/sbin'
sharedstatedir='${prefix}/com'
sysconfdir='/etc'
target_alias=''

## ----------- ##
## confdefs.h. ##
## ----------- ##

/* confdefs.h */
#define PACKAGE_NAME "GNU Awk Bundled Extensions"
#define PACKAGE_TARNAME "gawk-extensions"
#define PACKAGE_VERSION "4.2.1"
#define PACKAGE_STRING "GNU Awk Bundled Extensions 4.2.1"
#define PACKAGE_BUGREPORT "bug-gawk@gnu.org"
#define PACKAGE_URL "http://www.gnu.org/software/gawk-extensions/"
#define PACKAGE "gawk-extensions"
#define VERSION "4.2.1"
#define STDC_HEADERS 1
#define HAVE_SYS_TYPES_H 1
#define HAVE_SYS_STAT_H 1
#define HAVE_STDLIB_H 1
#define HAVE_STRING_H 1
#define HAVE_MEMORY_H 1
#define HAVE_STRINGS_H 1
#define HAVE_INTTYPES_H 1
#define HAVE_STDINT_H 1
#define HAVE_UNISTD_H 1
#define __EXTENSIONS__ 1
#define _ALL_SOURCE 1
#define _GNU_SOURCE 1
#define _POSIX_PTHREAD_SEMANTICS 1
#define _TANDEM_SOURCE 1
#define ENABLE_NLS 1
#define HAVE_GETTEXT 1
#define HAVE_DCGETTEXT 1
#define HAVE_LANGINFO_CODESET 1
#define HAVE_LC_MESSAGES 1
#define HAVE_STRUCT_STAT_ST_BLKSIZE 1
#define HAVE_DLFCN_H 1
#define LT_OBJDIR ".libs/"
#define HAVE_FNMATCH_H 1
#define HAVE_LIMITS_H 1
#define HAVE_SYS_PARAM_H 1
#define HAVE_SYS_SELECT_H 1
#define HAVE_SYS_STATVFS_H 1
#define HAVE_SYS_SYSMACROS_H 1
#define HAVE_SYS_TIME_H 1
#define HAVE_DIRENT_H 1
#define TIME_WITH_SYS_TIME 1
#define HAVE_MPFR 1
#define HAVE_FDOPENDIR 1
#define HAVE_FMOD 1
#define HAVE_FNMATCH 1
#define HAVE_GETDTABLESIZE 1
#define HAVE_GETTIMEOFDAY 1
#define HAVE_NANOSLEEP 1
#define HAVE_SELECT 1
#define HAVE_STATVFS 1
#define HAVE_DIRFD 1
#define HAVE_DECL_DIRFD 1

configure: exit 0
